{"meta": {"format": 3, "version": "7.13.3", "timestamp": "2026-08-04T13:23:32.422332", "branch_coverage": true, "show_contexts": false}, "files": {"machine/reference/seed_reference.py": {"executed_lines": [1, 3, 4, 5, 6, 7, 8, 9, 11, 12, 14, 15, 16, 18, 19, 26, 30, 33, 34, 35, 36, 39, 42, 44, 45, 46, 47, 48, 49, 50, 51, 52, 53, 54, 58, 61, 62, 63, 64, 65, 68, 69, 70, 71, 72, 73, 74, 75, 76, 77, 78, 79, 80, 81, 82, 83, 84, 85, 86, 87, 90, 91, 92, 101, 102, 103, 104, 107, 108, 109, 110, 113, 114, 117, 118, 121, 130, 142, 143, 146, 147, 157, 158, 161, 162, 168, 169, 179, 180, 181, 182, 185, 186, 189, 190, 191, 192, 195, 196, 199, 200, 201, 202, 205, 214, 215, 225, 226, 227, 238, 239, 242, 243, 252, 255, 256, 257, 258, 259, 260, 261, 264, 267, 268, 269, 272, 275, 276, 277, 278, 279, 280, 281, 282, 283, 284, 285, 286, 287, 289, 290, 291, 294, 295, 296, 297, 298, 299, 306, 309, 310, 311, 312, 313, 314, 315, 316, 317, 321, 322, 323, 324, 325, 326, 327, 328, 329, 331, 332, 333, 334, 335, 336, 337, 338, 339, 340, 341, 342, 343, 345, 346, 347, 348, 349, 350, 351, 354, 355, 356, 357, 358, 359, 360, 361, 362, 363, 364, 365, 366, 367, 368, 369, 370, 371, 372, 373, 374, 375, 376, 377, 378, 379, 383, 384, 385, 386, 387, 388, 389, 390, 391, 392, 393, 394, 395, 396, 397, 401, 404, 405, 406, 409, 410, 411, 412, 413, 414, 415, 416, 417, 418, 419, 420, 421, 422, 427, 428, 430, 431, 446, 447, 448, 449, 450, 451, 454, 455, 456, 457, 458, 459, 460, 461, 462, 463, 464, 465, 466, 467, 468, 469, 470, 471, 473, 474, 475, 476, 477, 478, 483, 484, 485, 486, 487, 488, 489, 490, 491, 492, 494, 495, 496, 497, 498, 499, 500, 501, 502, 503, 504, 505, 506, 507, 508, 509, 510, 511, 512, 513, 514, 515, 516, 517, 518, 519, 520, 521, 522, 523, 524, 525, 526, 527, 528, 529, 530, 532, 533, 534, 535, 536, 537, 538, 539, 540, 541, 542, 543, 544, 545, 546, 547, 548, 549, 550, 551, 552, 553, 555, 556, 557, 558, 559, 564, 565, 566, 567, 568, 570, 572, 573, 574, 575, 576, 577, 583, 584, 585, 586, 587, 588, 589, 590, 591, 592, 593, 594, 595, 596, 597, 598, 599, 601, 602, 603, 604, 605, 606, 607, 608, 609, 610, 611, 612, 613, 614, 615, 616, 617, 618, 619, 620, 621, 623, 625, 626, 630, 631, 632, 637, 638, 643, 644, 646, 647, 648, 649, 650, 651, 652, 653, 654, 655, 656, 657, 658, 659, 660, 661, 663, 664, 665, 666, 667, 668, 669, 670, 671, 672, 673, 674, 675, 676, 677, 678, 679, 680, 681, 682, 683, 684, 685, 686, 687, 688, 689, 690, 691, 692, 701, 702, 703, 705, 706, 710, 711, 712, 713, 714, 715, 716, 717, 718, 719, 720, 722, 723, 728, 731, 732, 733, 734, 735, 736, 737, 740, 741, 742, 743, 744, 745, 746, 747, 748, 749, 750, 752, 753, 754, 755, 756, 757, 758, 759, 760, 761, 762, 763, 764, 765, 767, 768, 769, 770, 771, 772, 773, 775, 776, 777, 778, 779, 780, 781, 782, 783, 784, 785, 786, 787, 788, 789, 790, 791, 792, 793, 808, 843, 844, 845, 849, 850, 852, 853, 854, 855, 856, 858, 861, 862, 863, 864, 865, 883, 884, 885, 886, 887, 888, 889, 890, 891, 892, 893, 894, 895, 896, 897, 900, 901, 902, 903, 904, 905, 906, 908, 909, 910, 911, 912, 913, 914, 915, 916, 917, 918, 919, 920, 922, 923, 924, 925, 926, 927, 928, 929, 930, 931, 932, 933, 934, 935, 936, 937, 938, 939, 940, 942, 945, 946, 951, 952, 953, 963, 965, 966, 967, 968, 969, 970, 971, 972, 973, 974, 975, 976, 977, 978, 979, 980, 981, 982, 983, 985, 986, 987, 988, 989, 990, 991, 992, 993, 1008, 1009, 1010, 1011, 1012, 1013, 1015, 1016, 1017, 1018, 1019, 1020, 1021, 1022, 1024, 1029, 1030, 1031, 1032, 1033, 1034, 1035, 1038, 1039, 1040, 1041, 1042, 1043, 1045, 1046, 1047, 1048, 1049, 1050, 1062, 1065, 1066, 1067, 1068, 1070, 1071, 1072, 1073, 1074, 1075, 1076, 1077, 1078, 1079, 1080, 1081, 1082, 1083, 1084, 1085, 1086, 1087, 1088, 1089, 1090, 1091, 1092, 1093, 1094, 1095, 1099, 1100, 1101, 1102, 1103, 1104, 1105, 1126, 1129, 1130, 1131, 1132, 1134, 1136, 1138, 1139, 1141, 1142, 1143, 1144, 1145, 1147, 1149, 1150, 1152, 1153, 1155, 1157, 1161, 1163, 1164, 1165, 1186, 1187, 1189, 1190, 1191, 1192, 1193, 1194, 1195, 1196, 1197, 1198, 1199, 1200, 1201, 1202, 1203, 1204, 1205, 1206, 1207, 1208, 1209, 1210, 1211, 1212, 1220, 1230, 1235, 1236, 1237, 1238, 1241, 1242, 1243, 1244, 1245, 1246, 1247, 1248, 1249, 1250, 1251, 1252, 1253, 1254, 1264, 1267, 1268, 1269, 1270, 1271, 1272, 1273, 1274, 1275, 1276, 1277, 1278, 1279, 1280, 1281, 1286, 1287, 1288, 1289, 1290, 1291, 1292, 1293, 1294, 1306, 1310, 1311, 1312, 1313, 1314, 1316, 1317, 1321, 1323, 1324, 1329, 1330, 1331, 1332, 1334, 1335, 1336, 1337, 1340, 1341, 1342, 1343, 1344, 1345, 1346, 1347, 1348, 1349, 1350, 1351, 1352, 1353, 1354, 1355, 1356, 1357, 1359, 1360, 1361, 1362, 1363, 1365, 1366, 1367, 1368, 1369, 1370, 1371, 1372, 1373, 1375, 1376, 1384, 1385, 1386, 1388, 1389, 1390, 1391, 1392, 1393, 1394, 1395, 1396, 1397, 1398, 1399, 1400, 1401, 1402, 1403, 1404, 1410, 1411, 1412, 1413, 1425, 1427, 1428, 1429, 1430, 1431, 1432, 1433, 1434, 1435, 1436, 1437, 1438, 1439, 1440, 1441, 1442, 1443, 1444, 1453, 1463, 1466, 1467, 1468, 1469, 1470, 1471, 1472, 1473, 1474, 1475, 1478, 1479, 1487, 1488, 1496, 1497, 1498, 1499, 1500, 1501, 1502, 1503, 1504, 1508, 1509, 1510, 1511, 1512, 1513, 1514, 1515, 1516, 1517, 1525, 1528, 1529, 1530, 1531, 1532, 1533, 1534, 1535, 1536, 1537, 1538, 1539, 1540, 1541, 1542, 1543, 1544, 1545, 1546, 1549, 1550, 1551, 1552, 1553, 1554, 1556, 1559, 1560, 1561, 1562, 1563, 1564, 1565, 1566, 1567, 1568, 1569, 1570, 1571, 1572, 1573, 1574, 1575, 1576, 1577, 1580, 1581, 1584, 1587, 1588, 1589, 1590, 1591, 1592, 1593, 1594, 1595, 1596, 1597, 1598, 1599, 1600, 1602, 1603, 1604, 1605, 1606, 1607, 1608, 1618, 1620, 1621, 1622, 1623, 1624, 1625, 1626, 1627, 1628, 1630, 1633, 1637, 1640, 1641, 1642, 1643, 1644, 1645, 1646, 1647, 1648, 1649, 1650, 1651, 1652, 1664, 1667, 1668, 1669, 1670, 1671, 1672, 1673, 1674, 1675, 1676, 1679, 1680, 1681, 1682, 1683, 1684, 1685, 1686, 1687, 1688, 1689, 1690, 1691, 1692, 1693, 1694, 1695, 1696, 1697, 1698, 1699, 1700, 1701, 1702, 1711, 1712, 1713, 1714, 1715, 1717, 1718, 1719, 1720, 1721, 1722, 1723, 1724, 1726, 1727, 1728, 1729, 1731, 1732, 1733, 1734, 1735, 1743, 1744, 1746, 1747, 1748, 1749, 1750, 1760, 1761, 1762, 1763, 1770, 1771, 1772, 1773, 1774, 1779, 1780, 1781, 1782, 1790, 1792, 1793, 1794, 1795, 1796, 1797, 1798, 1799, 1800, 1801, 1802, 1803, 1804, 1805, 1806, 1807, 1808, 1809, 1810, 1811, 1812, 1813, 1814, 1815, 1817, 1820, 1821, 1822, 1823, 1824, 1825, 1826, 1827, 1828, 1830, 1831, 1832, 1833, 1834, 1835, 1836, 1837, 1838, 1839, 1840, 1851, 1852, 1861, 1863, 1864, 1870, 1871, 1872, 1873, 1874, 1875, 1876, 1877, 1878, 1879, 1880, 1881, 1882, 1883, 1884, 1885, 1886, 1887, 1888, 1889, 1890, 1898, 1899, 1900, 1907, 1908, 1909, 1911, 1932, 1933, 1934, 1935, 1936, 1937, 1938, 1939, 1940, 1941, 1942, 1943, 1944, 1945, 1946, 1948, 1949, 1950, 1951, 1952, 1953, 1954, 1955, 1956, 1957, 1958, 1959, 1960, 1962, 1963, 1964, 1965, 1966, 1967, 1968, 1969, 1970, 1971, 1972, 1973, 1974, 1975, 1976, 1977, 1982, 1983, 1984, 1985, 1986, 1987, 1988, 1989, 1990, 1991, 1992, 1993, 1996], "summary": {"covered_lines": 1251, "num_statements": 1316, "percent_covered": 93.49670122525919, "percent_covered_display": "93", "missing_lines": 65, "excluded_lines": 0, "percent_statements_covered": 95.06079027355624, "percent_statements_covered_display": "95", "num_branches": 806, "num_partial_branches": 59, "covered_branches": 733, "missing_branches": 73, "percent_branches_covered": 90.94292803970224, "percent_branches_covered_display": "91"}, "missing_lines": [207, 288, 300, 301, 302, 303, 330, 472, 554, 569, 571, 622, 624, 704, 721, 751, 766, 851, 857, 921, 1014, 1023, 1069, 1133, 1135, 1137, 1140, 1146, 1148, 1151, 1154, 1156, 1162, 1315, 1322, 1325, 1326, 1333, 1358, 1374, 1505, 1506, 1507, 1555, 1578, 1579, 1585, 1586, 1629, 1631, 1632, 1725, 1764, 1765, 1766, 1767, 1768, 1816, 1829, 1841, 1842, 1843, 1848, 1849, 1850], "excluded_lines": [], "executed_branches": [[44, 45], [44, 46], [49, 50], [49, 53], [64, -61], [64, 65], [69, 70], [69, 71], [71, 72], [71, 73], [73, 74], [73, 75], [75, 76], [75, 77], [77, 78], [77, 87], [79, 80], [79, 86], [80, 81], [80, 82], [83, 84], [83, 85], [108, 109], [108, 110], [257, 258], [257, 261], [259, 260], [268, -264], [268, 269], [276, 277], [276, 283], [278, 279], [278, 280], [280, 281], [280, 282], [285, 286], [285, 291], [287, 289], [296, 297], [298, 299], [311, 312], [311, 313], [313, 314], [313, 315], [315, 316], [315, 317], [322, 323], [322, 335], [323, 324], [323, 325], [327, 328], [327, 329], [329, 331], [333, 334], [337, 338], [337, 343], [339, 337], [339, 340], [340, 341], [346, 347], [346, 351], [347, 348], [347, 349], [349, 346], [349, 350], [357, 358], [357, 359], [359, 360], [359, 361], [362, 363], [362, 364], [364, 365], [364, 372], [365, 366], [365, 367], [367, 368], [367, 369], [370, 364], [370, 371], [372, -354], [372, 373], [375, 372], [375, 376], [376, 377], [376, 378], [385, -383], [385, 386], [390, 391], [390, 392], [393, 394], [393, 395], [395, 396], [395, 397], [397, 385], [397, 401], [411, -409], [411, 412], [412, 413], [412, 414], [414, 415], [414, 416], [416, 417], [416, 418], [418, 419], [418, 420], [420, 411], [420, 421], [421, 422], [421, 428], [422, 421], [422, 427], [446, -430], [446, 447], [447, 446], [447, 448], [448, 449], [448, 450], [450, 447], [450, 451], [457, 458], [457, 465], [459, 460], [459, 461], [463, 457], [463, 464], [465, 466], [465, 468], [466, 465], [466, 467], [468, 469], [468, 518], [469, 470], [469, 471], [471, 473], [474, 475], [474, 476], [476, 477], [476, 478], [483, 484], [483, 485], [485, 486], [485, 494], [487, 488], [487, 489], [489, 490], [489, 491], [491, 492], [491, 506], [495, 496], [495, 497], [497, 498], [497, 499], [499, 500], [499, 501], [501, 502], [501, 503], [503, 504], [503, 506], [504, 503], [504, 505], [508, 509], [508, 510], [510, 511], [510, 512], [512, 513], [512, 514], [514, 468], [514, 515], [516, 468], [516, 517], [518, 519], [518, 524], [519, 520], [519, 521], [522, 518], [522, 523], [524, 525], [524, 527], [525, 524], [525, 526], [527, -454], [527, 528], [529, 527], [529, 530], [533, 534], [533, 540], [536, 537], [536, 538], [538, 533], [538, 539], [541, 542], [541, 555], [544, 545], [544, 546], [546, 547], [546, 548], [548, 549], [548, 550], [550, 551], [550, 552], [553, 541], [555, 556], [555, 572], [557, 558], [557, 559], [564, 565], [564, 566], [566, 555], [566, 567], [568, 570], [570, 566], [572, 573], [572, 585], [573, 574], [573, 577], [575, 576], [583, 572], [583, 584], [585, 586], [585, 589], [587, 585], [587, 588], [589, -532], [589, 590], [590, 591], [590, 592], [594, 595], [594, 596], [596, 589], [596, 597], [598, 599], [602, 603], [602, 604], [605, 606], [605, 612], [606, 607], [606, 608], [608, 605], [608, 609], [609, 610], [609, 611], [612, 613], [612, 625], [614, 615], [614, 618], [616, 614], [616, 617], [618, 619], [618, 620], [620, 612], [620, 621], [621, 623], [623, 620], [625, -601], [625, 626], [630, 631], [630, 632], [637, 638], [637, 643], [643, 625], [643, 644], [647, 648], [647, 667], [648, 649], [648, 650], [650, 651], [650, 652], [652, 653], [652, 654], [654, 655], [654, 656], [656, 657], [656, 659], [657, 658], [657, 664], [659, 660], [659, 663], [660, 661], [660, 664], [664, 647], [664, 665], [665, 664], [665, 666], [667, -646], [667, 668], [668, 669], [668, 670], [671, 672], [671, 673], [673, 674], [673, 675], [675, 676], [675, 677], [678, 679], [678, 680], [680, 681], [680, 712], [681, 682], [681, 683], [685, 686], [685, 687], [687, 688], [687, 689], [689, 690], [689, 691], [701, 702], [701, 703], [703, 705], [710, 680], [710, 711], [712, 713], [712, 714], [715, 716], [715, 720], [717, 718], [717, 719], [720, 722], [722, 667], [722, 723], [723, 722], [723, 728], [733, 734], [733, 735], [735, 736], [735, 737], [740, 741], [740, 742], [745, 746], [745, 747], [748, 749], [748, 750], [750, 752], [752, 753], [752, 754], [754, 755], [754, 756], [756, 757], [756, 759], [757, 756], [757, 758], [761, 762], [761, 764], [762, 761], [762, 763], [764, 765], [764, 767], [765, 764], [772, -731], [772, 773], [777, 778], [777, 779], [779, 780], [779, 781], [782, 783], [782, 784], [785, 786], [785, 787], [788, 789], [788, 790], [791, 792], [791, 793], [850, 852], [852, 853], [852, 855], [853, 852], [853, 854], [856, 858], [883, 884], [883, 887], [885, 883], [885, 886], [887, 888], [887, 889], [889, 890], [889, 891], [891, 892], [891, 895], [902, 903], [902, 906], [904, 902], [904, 905], [911, 912], [911, 913], [914, 915], [914, 916], [918, 919], [918, 922], [919, 920], [922, 923], [922, 924], [924, 925], [924, 926], [927, 928], [927, 929], [929, 930], [929, 931], [931, 932], [931, 933], [933, 934], [933, 935], [936, 937], [936, 938], [938, 939], [938, 940], [968, 969], [968, 970], [971, 972], [971, 985], [973, 974], [973, 975], [975, 976], [975, 977], [977, 978], [977, 979], [979, 980], [979, 981], [982, 983], [982, 986], [988, 989], [988, 990], [991, 992], [991, 993], [1011, 1012], [1011, 1017], [1013, 1015], [1017, 1018], [1017, 1031], [1018, 1019], [1018, 1020], [1020, 1021], [1020, 1022], [1022, 1024], [1029, 1030], [1031, 1032], [1031, 1035], [1033, 1034], [1041, 1042], [1041, 1045], [1042, 1043], [1042, 1049], [1046, 1047], [1046, 1048], [1068, 1070], [1073, 1074], [1073, 1075], [1075, 1076], [1075, 1077], [1077, 1078], [1077, 1079], [1079, 1080], [1079, 1081], [1081, 1082], [1081, 1083], [1083, 1084], [1083, 1085], [1085, 1086], [1085, 1087], [1087, 1088], [1087, 1089], [1089, 1090], [1089, 1091], [1091, 1092], [1091, 1093], [1093, 1094], [1093, 1095], [1099, 1100], [1099, 1101], [1101, 1102], [1101, 1103], [1132, 1134], [1134, 1136], [1136, 1138], [1139, 1141], [1142, 1143], [1142, 1144], [1145, 1147], [1147, 1149], [1149, 1150], [1149, 1152], [1150, 1149], [1153, 1155], [1155, 1157], [1161, 1163], [1192, 1193], [1192, 1194], [1194, 1195], [1194, 1196], [1196, 1197], [1196, 1198], [1198, 1199], [1198, 1200], [1200, 1201], [1200, 1202], [1203, 1204], [1203, 1207], [1204, 1205], [1204, 1206], [1207, 1208], [1207, 1209], [1236, 1237], [1236, 1238], [1245, 1246], [1245, 1247], [1247, 1248], [1247, 1249], [1249, 1250], [1249, 1251], [1251, 1252], [1251, 1253], [1273, 1274], [1273, 1275], [1275, 1276], [1275, 1277], [1277, 1278], [1277, 1279], [1279, 1280], [1279, 1281], [1286, 1287], [1286, 1288], [1289, 1290], [1289, 1291], [1291, 1292], [1291, 1293], [1313, 1314], [1314, 1316], [1321, 1323], [1323, 1324], [1331, 1332], [1331, 1337], [1332, 1334], [1335, 1336], [1344, 1345], [1344, 1346], [1346, 1347], [1346, 1348], [1348, 1349], [1348, 1350], [1350, 1351], [1350, 1352], [1355, 1356], [1355, 1357], [1357, 1359], [1361, 1362], [1361, 1365], [1362, 1363], [1362, 1375], [1365, 1366], [1365, 1367], [1369, 1370], [1369, 1371], [1371, 1372], [1371, 1373], [1373, 1375], [1392, 1393], [1392, 1394], [1394, 1395], [1394, 1396], [1397, 1398], [1397, 1403], [1399, 1400], [1399, 1401], [1401, 1402], [1431, 1432], [1431, 1433], [1435, 1436], [1435, 1437], [1437, 1438], [1437, 1439], [1440, 1441], [1440, 1442], [1470, 1471], [1470, 1472], [1472, 1473], [1472, 1474], [1499, 1500], [1499, 1501], [1502, 1503], [1502, 1504], [1504, 1508], [1509, 1510], [1509, 1511], [1514, 1515], [1514, 1516], [1532, 1533], [1532, 1534], [1534, 1535], [1534, 1536], [1536, 1537], [1536, 1538], [1538, 1539], [1538, 1540], [1543, 1544], [1543, 1545], [1545, 1546], [1545, 1561], [1549, 1550], [1549, 1551], [1551, 1552], [1551, 1553], [1554, 1556], [1559, 1545], [1559, 1560], [1562, 1563], [1562, 1564], [1569, 1570], [1569, 1590], [1571, 1572], [1571, 1590], [1573, 1574], [1573, 1576], [1577, 1580], [1584, 1587], [1591, 1592], [1591, 1595], [1595, 1596], [1595, 1602], [1598, 1599], [1622, 1623], [1622, 1627], [1627, 1628], [1627, 1630], [1628, 1627], [1630, 1633], [1642, 1643], [1642, 1644], [1645, 1646], [1645, 1647], [1648, 1649], [1648, 1650], [1671, 1672], [1671, 1673], [1674, 1675], [1674, 1676], [1681, 1682], [1681, 1683], [1685, 1686], [1685, 1687], [1688, 1689], [1688, 1695], [1691, 1692], [1691, 1693], [1693, 1688], [1693, 1694], [1698, 1699], [1698, 1717], [1712, 1713], [1712, 1714], [1718, 1719], [1718, 1720], [1720, 1721], [1720, 1728], [1721, 1720], [1721, 1722], [1722, 1723], [1722, 1724], [1724, 1726], [1726, 1721], [1726, 1727], [1731, 1732], [1731, 1746], [1746, 1747], [1746, 1770], [1763, 1746], [1770, 1771], [1770, 1781], [1772, 1770], [1772, 1773], [1779, 1780], [1796, 1797], [1796, 1798], [1798, 1799], [1798, 1800], [1801, 1802], [1801, 1803], [1804, 1805], [1804, 1806], [1807, 1808], [1807, 1811], [1811, 1812], [1811, 1814], [1812, 1811], [1812, 1813], [1814, 1815], [1814, 1817], [1815, 1814], [1823, 1824], [1823, 1825], [1826, 1827], [1826, 1828], [1828, 1830], [1830, 1831], [1830, 1832], [1832, 1833], [1832, 1834], [1835, 1836], [1835, 1851], [1836, 1837], [1836, 1838], [1839, 1840], [1875, 1876], [1875, 1877], [1877, 1878], [1877, 1879], [1879, 1880], [1879, 1881], [1882, 1883], [1882, 1884], [1885, 1886], [1885, 1887], [1887, 1888], [1887, 1889], [1890, 1898], [1890, 1899], [1937, 1938], [1937, 1939], [1945, 1946], [1945, 1948], [1949, 1950], [1949, 1951], [1955, 1956], [1955, 1957], [1969, 1970], [1969, 1976], [1971, 1972], [1971, 1975], [1984, 1985], [1984, 1993], [1985, 1986], [1985, 1988], [1989, 1990], [1989, 1991], [1991, 1984], [1991, 1992]], "missing_branches": [[259, 257], [287, 288], [296, 303], [298, 300], [300, 301], [300, 302], [329, 330], [333, 322], [340, 339], [471, 472], [553, 554], [568, 569], [570, 571], [575, 577], [598, 589], [621, 622], [623, 624], [703, 704], [720, 721], [750, 751], [765, 766], [850, 851], [856, 857], [919, 921], [1013, 1014], [1022, 1023], [1029, 1017], [1033, 1035], [1068, 1069], [1132, 1133], [1134, 1135], [1136, 1137], [1139, 1140], [1145, 1146], [1147, 1148], [1150, 1151], [1153, 1154], [1155, 1156], [1161, 1162], [1313, 1326], [1314, 1315], [1321, 1322], [1323, 1325], [1332, 1333], [1335, 1331], [1357, 1358], [1373, 1374], [1401, 1403], [1504, 1505], [1506, 1507], [1506, 1508], [1554, 1555], [1577, 1578], [1584, 1585], [1598, 1608], [1628, 1629], [1630, 1631], [1631, 1630], [1631, 1632], [1724, 1725], [1763, 1764], [1765, 1766], [1765, 1767], [1779, 1772], [1815, 1816], [1828, 1829], [1839, 1841], [1841, 1842], [1841, 1843], [1843, 1848], [1843, 1849], [1849, 1850], [1849, 1851]], "functions": {"SeedError.__init__": {"executed_lines": [35, 36], "summary": {"covered_lines": 2, "num_statements": 2, "percent_covered": 100.0, "percent_covered_display": "100", "missing_lines": 0, "excluded_lines": 0, "percent_statements_covered": 100.0, "percent_statements_covered_display": "100", "num_branches": 0, "num_partial_branches": 0, "covered_branches": 0, "missing_branches": 0, "percent_branches_covered": 100.0, "percent_branches_covered_display": "100"}, "missing_lines": [], "excluded_lines": [], "start_line": 34, "executed_branches": [], "missing_branches": []}, "_schema_validators": {"executed_lines": [44, 45, 46, 47, 48, 49, 50, 51, 52, 53, 54, 58], "summary": {"covered_lines": 12, "num_statements": 12, "percent_covered": 100.0, "percent_covered_display": "100", "missing_lines": 0, "excluded_lines": 0, "percent_statements_covered": 100.0, "percent_statements_covered_display": "100", "num_branches": 4, "num_partial_branches": 0, "covered_branches": 4, "missing_branches": 0, "percent_branches_covered": 100.0, "percent_branches_covered_display": "100"}, "missing_lines": [], "excluded_lines": [], "start_line": 42, "executed_branches": [[44, 45], [44, 46], [49, 50], [49, 53]], "missing_branches": []}, "_validate_schema": {"executed_lines": [62, 63, 64, 65], "summary": {"covered_lines": 4, "num_statements": 4, "percent_covered": 100.0, "percent_covered_display": "100", "missing_lines": 0, "excluded_lines": 0, "percent_statements_covered": 100.0, "percent_statements_covered_display": "100", "num_branches": 2, "num_partial_branches": 0, "covered_branches": 2, "missing_branches": 0, "percent_branches_covered": 100.0, "percent_branches_covered_display": "100"}, "missing_lines": [], "excluded_lines": [], "start_line": 61, "executed_branches": [[64, -61], [64, 65]], "missing_branches": []}, "_normalize": {"executed_lines": [69, 70, 71, 72, 73, 74, 75, 76, 77, 78, 79, 80, 81, 82, 83, 84, 85, 86, 87], "summary": {"covered_lines": 19, "num_statements": 19, "percent_covered": 100.0, "percent_covered_display": "100", "missing_lines": 0, "excluded_lines": 0, "percent_statements_covered": 100.0, "percent_statements_covered_display": "100", "num_branches": 16, "num_partial_branches": 0, "covered_branches": 16, "missing_branches": 0, "percent_branches_covered": 100.0, "percent_branches_covered_display": "100"}, "missing_lines": [], "excluded_lines": [], "start_line": 68, "executed_branches": [[69, 70], [69, 71], [71, 72], [71, 73], [73, 74], [73, 75], [75, 76], [75, 77], [77, 78], [77, 87], [79, 80], [79, 86], [80, 81], [80, 82], [83, 84], [83, 85]], "missing_branches": []}, "canonical_bytes": {"executed_lines": [91, 92], "summary": {"covered_lines": 2, "num_statements": 2, "percent_covered": 100.0, "percent_covered_display": "100", "missing_lines": 0, "excluded_lines": 0, "percent_statements_covered": 100.0, "percent_statements_covered_display": "100", "num_branches": 0, "num_partial_branches": 0, "covered_branches": 0, "missing_branches": 0, "percent_branches_covered": 100.0, "percent_branches_covered_display": "100"}, "missing_lines": [], "excluded_lines": [], "start_line": 90, "executed_branches": [], "missing_branches": []}, "domain_digest": {"executed_lines": [102, 103, 104], "summary": {"covered_lines": 3, "num_statements": 3, "percent_covered": 100.0, "percent_covered_display": "100", "missing_lines": 0, "excluded_lines": 0, "percent_statements_covered": 100.0, "percent_statements_covered_display": "100", "num_branches": 0, "num_partial_branches": 0, "covered_branches": 0, "missing_branches": 0, "percent_branches_covered": 100.0, "percent_branches_covered_display": "100"}, "missing_lines": [], "excluded_lines": [], "start_line": 101, "executed_branches": [], "missing_branches": []}, "_hex_id": {"executed_lines": [108, 109, 110], "summary": {"covered_lines": 3, "num_statements": 3, "percent_covered": 100.0, "percent_covered_display": "100", "missing_lines": 0, "excluded_lines": 0, "percent_statements_covered": 100.0, "percent_statements_covered_display": "100", "num_branches": 2, "num_partial_branches": 0, "covered_branches": 2, "missing_branches": 0, "percent_branches_covered": 100.0, "percent_branches_covered_display": "100"}, "missing_lines": [], "excluded_lines": [], "start_line": 107, "executed_branches": [[108, 109], [108, 110]], "missing_branches": []}, "artifact_id": {"executed_lines": [114], "summary": {"covered_lines": 1, "num_statements": 1, "percent_covered": 100.0, "percent_covered_display": "100", "missing_lines": 0, "excluded_lines": 0, "percent_statements_covered": 100.0, "percent_statements_covered_display": "100", "num_branches": 0, "num_partial_branches": 0, "covered_branches": 0, "missing_branches": 0, "percent_branches_covered": 100.0, "percent_branches_covered_display": "100"}, "missing_lines": [], "excluded_lines": [], "start_line": 113, "executed_branches": [], "missing_branches": []}, "scope_digest": {"executed_lines": [118], "summary": {"covered_lines": 1, "num_statements": 1, "percent_covered": 100.0, "percent_covered_display": "100", "missing_lines": 0, "excluded_lines": 0, "percent_statements_covered": 100.0, "percent_statements_covered_display": "100", "num_branches": 0, "num_partial_branches": 0, "covered_branches": 0, "missing_branches": 0, "percent_branches_covered": 100.0, "percent_branches_covered_display": "100"}, "missing_lines": [], "excluded_lines": [], "start_line": 117, "executed_branches": [], "missing_branches": []}, "permit_terms_digest": {"executed_lines": [130], "summary": {"covered_lines": 1, "num_statements": 1, "percent_covered": 100.0, "percent_covered_display": "100", "missing_lines": 0, "excluded_lines": 0, "percent_statements_covered": 100.0, "percent_statements_covered_display": "100", "num_branches": 0, "num_partial_branches": 0, "covered_branches": 0, "missing_branches": 0, "percent_branches_covered": 100.0, "percent_branches_covered_display": "100"}, "missing_lines": [], "excluded_lines": [], "start_line": 121, "executed_branches": [], "missing_branches": []}, "constitution_digest": {"executed_lines": [143], "summary": {"covered_lines": 1, "num_statements": 1, "percent_covered": 100.0, "percent_covered_display": "100", "missing_lines": 0, "excluded_lines": 0, "percent_statements_covered": 100.0, "percent_statements_covered_display": "100", "num_branches": 0, "num_partial_branches": 0, "covered_branches": 0, "missing_branches": 0, "percent_branches_covered": 100.0, "percent_branches_covered_display": "100"}, "missing_lines": [], "excluded_lines": [], "start_line": 142, "executed_branches": [], "missing_branches": []}, "root_genesis_material": {"executed_lines": [147], "summary": {"covered_lines": 1, "num_statements": 1, "percent_covered": 100.0, "percent_covered_display": "100", "missing_lines": 0, "excluded_lines": 0, "percent_statements_covered": 100.0, "percent_statements_covered_display": "100", "num_branches": 0, "num_partial_branches": 0, "covered_branches": 0, "missing_branches": 0, "percent_branches_covered": 100.0, "percent_branches_covered_display": "100"}, "missing_lines": [], "excluded_lines": [], "start_line": 146, "executed_branches": [], "missing_branches": []}, "compute_root_genesis_digest": {"executed_lines": [158], "summary": {"covered_lines": 1, "num_statements": 1, "percent_covered": 100.0, "percent_covered_display": "100", "missing_lines": 0, "excluded_lines": 0, "percent_statements_covered": 100.0, "percent_statements_covered_display": "100", "num_branches": 0, "num_partial_branches": 0, "covered_branches": 0, "missing_branches": 0, "percent_branches_covered": 100.0, "percent_branches_covered_display": "100"}, "missing_lines": [], "excluded_lines": [], "start_line": 157, "executed_branches": [], "missing_branches": []}, "compute_context_id": {"executed_lines": [162], "summary": {"covered_lines": 1, "num_statements": 1, "percent_covered": 100.0, "percent_covered_display": "100", "missing_lines": 0, "excluded_lines": 0, "percent_statements_covered": 100.0, "percent_statements_covered_display": "100", "num_branches": 0, "num_partial_branches": 0, "covered_branches": 0, "missing_branches": 0, "percent_branches_covered": 100.0, "percent_branches_covered_display": "100"}, "missing_lines": [], "excluded_lines": [], "start_line": 161, "executed_branches": [], "missing_branches": []}, "compute_trust_space_id": {"executed_lines": [169], "summary": {"covered_lines": 1, "num_statements": 1, "percent_covered": 100.0, "percent_covered_display": "100", "missing_lines": 0, "excluded_lines": 0, "percent_statements_covered": 100.0, "percent_statements_covered_display": "100", "num_branches": 0, "num_partial_branches": 0, "covered_branches": 0, "missing_branches": 0, "percent_branches_covered": 100.0, "percent_branches_covered_display": "100"}, "missing_lines": [], "excluded_lines": [], "start_line": 168, "executed_branches": [], "missing_branches": []}, "member_genesis_digest": {"executed_lines": [180, 181, 182], "summary": {"covered_lines": 3, "num_statements": 3, "percent_covered": 100.0, "percent_covered_display": "100", "missing_lines": 0, "excluded_lines": 0, "percent_statements_covered": 100.0, "percent_statements_covered_display": "100", "num_branches": 0, "num_partial_branches": 0, "covered_branches": 0, "missing_branches": 0, "percent_branches_covered": 100.0, "percent_branches_covered_display": "100"}, "missing_lines": [], "excluded_lines": [], "start_line": 179, "executed_branches": [], "missing_branches": []}, "context_redefinition_proposal_digest": {"executed_lines": [186], "summary": {"covered_lines": 1, "num_statements": 1, "percent_covered": 100.0, "percent_covered_display": "100", "missing_lines": 0, "excluded_lines": 0, "percent_statements_covered": 100.0, "percent_statements_covered_display": "100", "num_branches": 0, "num_partial_branches": 0, "covered_branches": 0, "missing_branches": 0, "percent_branches_covered": 100.0, "percent_branches_covered_display": "100"}, "missing_lines": [], "excluded_lines": [], "start_line": 185, "executed_branches": [], "missing_branches": []}, "transition_digest": {"executed_lines": [190, 191, 192], "summary": {"covered_lines": 3, "num_statements": 3, "percent_covered": 100.0, "percent_covered_display": "100", "missing_lines": 0, "excluded_lines": 0, "percent_statements_covered": 100.0, "percent_statements_covered_display": "100", "num_branches": 0, "num_partial_branches": 0, "covered_branches": 0, "missing_branches": 0, "percent_branches_covered": 100.0, "percent_branches_covered_display": "100"}, "missing_lines": [], "excluded_lines": [], "start_line": 189, "executed_branches": [], "missing_branches": []}, "compute_transition_id": {"executed_lines": [196], "summary": {"covered_lines": 1, "num_statements": 1, "percent_covered": 100.0, "percent_covered_display": "100", "missing_lines": 0, "excluded_lines": 0, "percent_statements_covered": 100.0, "percent_statements_covered_display": "100", "num_branches": 0, "num_partial_branches": 0, "covered_branches": 0, "missing_branches": 0, "percent_branches_covered": 100.0, "percent_branches_covered_display": "100"}, "missing_lines": [], "excluded_lines": [], "start_line": 195, "executed_branches": [], "missing_branches": []}, "compute_state_root": {"executed_lines": [200, 201, 202], "summary": {"covered_lines": 3, "num_statements": 3, "percent_covered": 100.0, "percent_covered_display": "100", "missing_lines": 0, "excluded_lines": 0, "percent_statements_covered": 100.0, "percent_statements_covered_display": "100", "num_branches": 0, "num_partial_branches": 0, "covered_branches": 0, "missing_branches": 0, "percent_branches_covered": 100.0, "percent_branches_covered_display": "100"}, "missing_lines": [], "excluded_lines": [], "start_line": 199, "executed_branches": [], "missing_branches": []}, "_authority_key": {"executed_lines": [], "summary": {"covered_lines": 0, "num_statements": 1, "percent_covered": 0.0, "percent_covered_display": "0", "missing_lines": 1, "excluded_lines": 0, "percent_statements_covered": 0.0, "percent_statements_covered_display": "0", "num_branches": 0, "num_partial_branches": 0, "covered_branches": 0, "missing_branches": 0, "percent_branches_covered": 100.0, "percent_branches_covered_display": "100"}, "missing_lines": [207], "excluded_lines": [], "start_line": 205, "executed_branches": [], "missing_branches": []}, "_authority_id": {"executed_lines": [215], "summary": {"covered_lines": 1, "num_statements": 1, "percent_covered": 100.0, "percent_covered_display": "100", "missing_lines": 0, "excluded_lines": 0, "percent_statements_covered": 100.0, "percent_statements_covered_display": "100", "num_branches": 0, "num_partial_branches": 0, "covered_branches": 0, "missing_branches": 0, "percent_branches_covered": 100.0, "percent_branches_covered_display": "100"}, "missing_lines": [], "excluded_lines": [], "start_line": 214, "executed_branches": [], "missing_branches": []}, "_binding_from_spec": {"executed_lines": [226, 227, 238, 239], "summary": {"covered_lines": 4, "num_statements": 4, "percent_covered": 100.0, "percent_covered_display": "100", "missing_lines": 0, "excluded_lines": 0, "percent_statements_covered": 100.0, "percent_statements_covered_display": "100", "num_branches": 0, "num_partial_branches": 0, "covered_branches": 0, "missing_branches": 0, "percent_branches_covered": 100.0, "percent_branches_covered_display": "100"}, "missing_lines": [], "excluded_lines": [], "start_line": 225, "executed_branches": [], "missing_branches": []}, "_active_authorities": {"executed_lines": [243], "summary": {"covered_lines": 1, "num_statements": 1, "percent_covered": 100.0, "percent_covered_display": "100", "missing_lines": 0, "excluded_lines": 0, "percent_statements_covered": 100.0, "percent_statements_covered_display": "100", "num_branches": 0, "num_partial_branches": 0, "covered_branches": 0, "missing_branches": 0, "percent_branches_covered": 100.0, "percent_branches_covered_display": "100"}, "missing_lines": [], "excluded_lines": [], "start_line": 242, "executed_branches": [], "missing_branches": []}, "has_authority": {"executed_lines": [255, 256, 257, 258, 259, 260, 261], "summary": {"covered_lines": 7, "num_statements": 7, "percent_covered": 90.9090909090909, "percent_covered_display": "91", "missing_lines": 0, "excluded_lines": 0, "percent_statements_covered": 100.0, "percent_statements_covered_display": "100", "num_branches": 4, "num_partial_branches": 1, "covered_branches": 3, "missing_branches": 1, "percent_branches_covered": 75.0, "percent_branches_covered_display": "75"}, "missing_lines": [], "excluded_lines": [], "start_line": 252, "executed_branches": [[257, 258], [257, 261], [259, 260]], "missing_branches": [[259, 257]]}, "_require_authority": {"executed_lines": [267, 268, 269], "summary": {"covered_lines": 3, "num_statements": 3, "percent_covered": 100.0, "percent_covered_display": "100", "missing_lines": 0, "excluded_lines": 0, "percent_statements_covered": 100.0, "percent_statements_covered_display": "100", "num_branches": 2, "num_partial_branches": 0, "covered_branches": 2, "missing_branches": 0, "percent_branches_covered": 100.0, "percent_branches_covered_display": "100"}, "missing_lines": [], "excluded_lines": [], "start_line": 264, "executed_branches": [[268, -264], [268, 269]], "missing_branches": []}, "_context_descendants": {"executed_lines": [275, 276, 277, 278, 279, 280, 281, 282, 283, 284, 285, 286, 287, 289, 290, 291], "summary": {"covered_lines": 16, "num_statements": 17, "percent_covered": 92.5925925925926, "percent_covered_display": "93", "missing_lines": 1, "excluded_lines": 0, "percent_statements_covered": 94.11764705882354, "percent_statements_covered_display": "94", "num_branches": 10, "num_partial_branches": 1, "covered_branches": 9, "missing_branches": 1, "percent_branches_covered": 90.0, "percent_branches_covered_display": "90"}, "missing_lines": [288], "excluded_lines": [], "start_line": 272, "executed_branches": [[276, 277], [276, 283], [278, 279], [278, 280], [280, 281], [280, 282], [285, 286], [285, 291], [287, 289]], "missing_branches": [[287, 288]]}, "_direct_child_owner": {"executed_lines": [295, 296, 297, 298, 299], "summary": {"covered_lines": 5, "num_statements": 9, "percent_covered": 46.666666666666664, "percent_covered_display": "47", "missing_lines": 4, "excluded_lines": 0, "percent_statements_covered": 55.55555555555556, "percent_statements_covered_display": "56", "num_branches": 6, "num_partial_branches": 2, "covered_branches": 2, "missing_branches": 4, "percent_branches_covered": 33.333333333333336, "percent_branches_covered_display": "33"}, "missing_lines": [300, 301, 302, 303], "excluded_lines": [], "start_line": 294, "executed_branches": [[296, 297], [298, 299]], "missing_branches": [[296, 303], [298, 300], [300, 301], [300, 302]]}, "compute_affected_sibling_set": {"executed_lines": [309, 310, 311, 312, 313, 314, 315, 316, 317, 321, 322, 323, 324, 325, 326, 327, 328, 329, 331, 332, 333, 334, 335, 336, 337, 338, 339, 340, 341, 342, 343], "summary": {"covered_lines": 31, "num_statements": 32, "percent_covered": 92.5925925925926, "percent_covered_display": "93", "missing_lines": 1, "excluded_lines": 0, "percent_statements_covered": 96.875, "percent_statements_covered_display": "97", "num_branches": 22, "num_partial_branches": 3, "covered_branches": 19, "missing_branches": 3, "percent_branches_covered": 86.36363636363636, "percent_branches_covered_display": "86"}, "missing_lines": [330], "excluded_lines": [], "start_line": 306, "executed_branches": [[311, 312], [311, 313], [313, 314], [313, 315], [315, 316], [315, 317], [322, 323], [322, 335], [323, 324], [323, 325], [327, 328], [327, 329], [329, 331], [333, 334], [337, 338], [337, 343], [339, 337], [339, 340], [340, 341]], "missing_branches": [[329, 330], [333, 322], [340, 339]]}, "_path_is_immune": {"executed_lines": [346, 347, 348, 349, 350, 351], "summary": {"covered_lines": 6, "num_statements": 6, "percent_covered": 100.0, "percent_covered_display": "100", "missing_lines": 0, "excluded_lines": 0, "percent_statements_covered": 100.0, "percent_statements_covered_display": "100", "num_branches": 6, "num_partial_branches": 0, "covered_branches": 6, "missing_branches": 0, "percent_branches_covered": 100.0, "percent_branches_covered_display": "100"}, "missing_lines": [], "excluded_lines": [], "start_line": 345, "executed_branches": [[346, 347], [346, 351], [347, 348], [347, 349], [349, 346], [349, 350]], "missing_branches": []}, "_validate_context_tree": {"executed_lines": [355, 356, 357, 358, 359, 360, 361, 362, 363, 364, 365, 366, 367, 368, 369, 370, 371, 372, 373, 374, 375, 376, 377, 378, 379], "summary": {"covered_lines": 25, "num_statements": 25, "percent_covered": 100.0, "percent_covered_display": "100", "missing_lines": 0, "excluded_lines": 0, "percent_statements_covered": 100.0, "percent_statements_covered_display": "100", "num_branches": 20, "num_partial_branches": 0, "covered_branches": 20, "missing_branches": 0, "percent_branches_covered": 100.0, "percent_branches_covered_display": "100"}, "missing_lines": [], "excluded_lines": [], "start_line": 354, "executed_branches": [[357, 358], [357, 359], [359, 360], [359, 361], [362, 363], [362, 364], [364, 365], [364, 372], [365, 366], [365, 367], [367, 368], [367, 369], [370, 364], [370, 371], [372, -354], [372, 373], [375, 372], [375, 376], [376, 377], [376, 378]], "missing_branches": []}, "_validate_normative_dependencies": {"executed_lines": [384, 385, 386, 387, 388, 389, 390, 391, 392, 393, 394, 395, 396, 397, 401], "summary": {"covered_lines": 15, "num_statements": 15, "percent_covered": 100.0, "percent_covered_display": "100", "missing_lines": 0, "excluded_lines": 0, "percent_statements_covered": 100.0, "percent_statements_covered_display": "100", "num_branches": 10, "num_partial_branches": 0, "covered_branches": 10, "missing_branches": 0, "percent_branches_covered": 100.0, "percent_branches_covered_display": "100"}, "missing_lines": [], "excluded_lines": [], "start_line": 383, "executed_branches": [[385, -383], [385, 386], [390, 391], [390, 392], [393, 394], [393, 395], [395, 396], [395, 397], [397, 385], [397, 401]], "missing_branches": []}, "_scopes_overlap": {"executed_lines": [405, 406], "summary": {"covered_lines": 2, "num_statements": 2, "percent_covered": 100.0, "percent_covered_display": "100", "missing_lines": 0, "excluded_lines": 0, "percent_statements_covered": 100.0, "percent_statements_covered_display": "100", "num_branches": 0, "num_partial_branches": 0, "covered_branches": 0, "missing_branches": 0, "percent_branches_covered": 100.0, "percent_branches_covered_display": "100"}, "missing_lines": [], "excluded_lines": [], "start_line": 404, "executed_branches": [], "missing_branches": []}, "_validate_authority_uniqueness": {"executed_lines": [410, 411, 412, 413, 414, 415, 416, 417, 418, 419, 420, 421, 422, 427, 428], "summary": {"covered_lines": 15, "num_statements": 15, "percent_covered": 100.0, "percent_covered_display": "100", "missing_lines": 0, "excluded_lines": 0, "percent_statements_covered": 100.0, "percent_statements_covered_display": "100", "num_branches": 16, "num_partial_branches": 0, "covered_branches": 16, "missing_branches": 0, "percent_branches_covered": 100.0, "percent_branches_covered_display": "100"}, "missing_lines": [], "excluded_lines": [], "start_line": 409, "executed_branches": [[411, -409], [411, 412], [412, 413], [412, 414], [414, 415], [414, 416], [416, 417], [416, 418], [418, 419], [418, 420], [420, 411], [420, 421], [421, 422], [421, 428], [422, 421], [422, 427]], "missing_branches": []}, "_validate_artifact_maps": {"executed_lines": [431, 446, 447, 448, 449, 450, 451], "summary": {"covered_lines": 7, "num_statements": 7, "percent_covered": 100.0, "percent_covered_display": "100", "missing_lines": 0, "excluded_lines": 0, "percent_statements_covered": 100.0, "percent_statements_covered_display": "100", "num_branches": 8, "num_partial_branches": 0, "covered_branches": 8, "missing_branches": 0, "percent_branches_covered": 100.0, "percent_branches_covered_display": "100"}, "missing_lines": [], "excluded_lines": [], "start_line": 430, "executed_branches": [[446, -430], [446, 447], [447, 446], [447, 448], [448, 449], [448, 450], [450, 447], [450, 451]], "missing_branches": []}, "_validate_permit_lineage": {"executed_lines": [455, 456, 457, 458, 459, 460, 461, 462, 463, 464, 465, 466, 467, 468, 469, 470, 471, 473, 474, 475, 476, 477, 478, 483, 484, 485, 486, 487, 488, 489, 490, 491, 492, 494, 495, 496, 497, 498, 499, 500, 501, 502, 503, 504, 505, 506, 507, 508, 509, 510, 511, 512, 513, 514, 515, 516, 517, 518, 519, 520, 521, 522, 523, 524, 525, 526, 527, 528, 529, 530], "summary": {"covered_lines": 70, "num_statements": 71, "percent_covered": 98.54014598540147, "percent_covered_display": "99", "missing_lines": 1, "excluded_lines": 0, "percent_statements_covered": 98.59154929577464, "percent_statements_covered_display": "99", "num_branches": 66, "num_partial_branches": 1, "covered_branches": 65, "missing_branches": 1, "percent_branches_covered": 98.48484848484848, "percent_branches_covered_display": "98"}, "missing_lines": [472], "excluded_lines": [], "start_line": 454, "executed_branches": [[457, 458], [457, 465], [459, 460], [459, 461], [463, 457], [463, 464], [465, 466], [465, 468], [466, 465], [466, 467], [468, 469], [468, 518], [469, 470], [469, 471], [471, 473], [474, 475], [474, 476], [476, 477], [476, 478], [483, 484], [483, 485], [485, 486], [485, 494], [487, 488], [487, 489], [489, 490], [489, 491], [491, 492], [491, 506], [495, 496], [495, 497], [497, 498], [497, 499], [499, 500], [499, 501], [501, 502], [501, 503], [503, 504], [503, 506], [504, 503], [504, 505], [508, 509], [508, 510], [510, 511], [510, 512], [512, 513], [512, 514], [514, 468], [514, 515], [516, 468], [516, 517], [518, 519], [518, 524], [519, 520], [519, 521], [522, 518], [522, 523], [524, 525], [524, 527], [525, 524], [525, 526], [527, -454], [527, 528], [529, 527], [529, 530]], "missing_branches": [[471, 472]]}, "_validate_evidence_lineage": {"executed_lines": [533, 534, 535, 536, 537, 538, 539, 540, 541, 542, 543, 544, 545, 546, 547, 548, 549, 550, 551, 552, 553, 555, 556, 557, 558, 559, 564, 565, 566, 567, 568, 570, 572, 573, 574, 575, 576, 577, 583, 584, 585, 586, 587, 588, 589, 590, 591, 592, 593, 594, 595, 596, 597, 598, 599], "summary": {"covered_lines": 55, "num_statements": 58, "percent_covered": 92.72727272727273, "percent_covered_display": "93", "missing_lines": 3, "excluded_lines": 0, "percent_statements_covered": 94.82758620689656, "percent_statements_covered_display": "95", "num_branches": 52, "num_partial_branches": 5, "covered_branches": 47, "missing_branches": 5, "percent_branches_covered": 90.38461538461539, "percent_branches_covered_display": "90"}, "missing_lines": [554, 569, 571], "excluded_lines": [], "start_line": 532, "executed_branches": [[533, 534], [533, 540], [536, 537], [536, 538], [538, 533], [538, 539], [541, 542], [541, 555], [544, 545], [544, 546], [546, 547], [546, 548], [548, 549], [548, 550], [550, 551], [550, 552], [553, 541], [555, 556], [555, 572], [557, 558], [557, 559], [564, 565], [564, 566], [566, 555], [566, 567], [568, 570], [570, 566], [572, 573], [572, 585], [573, 574], [573, 577], [575, 576], [583, 572], [583, 584], [585, 586], [585, 589], [587, 585], [587, 588], [589, -532], [589, 590], [590, 591], [590, 592], [594, 595], [594, 596], [596, 589], [596, 597], [598, 599]], "missing_branches": [[553, 554], [568, 569], [570, 571], [575, 577], [598, 589]]}, "_validate_transition_records": {"executed_lines": [602, 603, 604, 605, 606, 607, 608, 609, 610, 611, 612, 613, 614, 615, 616, 617, 618, 619, 620, 621, 623, 625, 626, 630, 631, 632, 637, 638, 643, 644], "summary": {"covered_lines": 30, "num_statements": 32, "percent_covered": 93.75, "percent_covered_display": "94", "missing_lines": 2, "excluded_lines": 0, "percent_statements_covered": 93.75, "percent_statements_covered_display": "94", "num_branches": 32, "num_partial_branches": 2, "covered_branches": 30, "missing_branches": 2, "percent_branches_covered": 93.75, "percent_branches_covered_display": "94"}, "missing_lines": [622, 624], "excluded_lines": [], "start_line": 601, "executed_branches": [[602, 603], [602, 604], [605, 606], [605, 612], [606, 607], [606, 608], [608, 605], [608, 609], [609, 610], [609, 611], [612, 613], [612, 625], [614, 615], [614, 618], [616, 614], [616, 617], [618, 619], [618, 620], [620, 612], [620, 621], [621, 623], [623, 620], [625, -601], [625, 626], [630, 631], [630, 632], [637, 638], [637, 643], [643, 625], [643, 644]], "missing_branches": [[621, 622], [623, 624]]}, "_validate_governance_records": {"executed_lines": [647, 648, 649, 650, 651, 652, 653, 654, 655, 656, 657, 658, 659, 660, 661, 663, 664, 665, 666, 667, 668, 669, 670, 671, 672, 673, 674, 675, 676, 677, 678, 679, 680, 681, 682, 683, 684, 685, 686, 687, 688, 689, 690, 691, 692, 701, 702, 703, 705, 706, 710, 711, 712, 713, 714, 715, 716, 717, 718, 719, 720, 722, 723, 728], "summary": {"covered_lines": 64, "num_statements": 66, "percent_covered": 96.875, "percent_covered_display": "97", "missing_lines": 2, "excluded_lines": 0, "percent_statements_covered": 96.96969696969697, "percent_statements_covered_display": "97", "num_branches": 62, "num_partial_branches": 2, "covered_branches": 60, "missing_branches": 2, "percent_branches_covered": 96.7741935483871, "percent_branches_covered_display": "97"}, "missing_lines": [704, 721], "excluded_lines": [], "start_line": 646, "executed_branches": [[647, 648], [647, 667], [648, 649], [648, 650], [650, 651], [650, 652], [652, 653], [652, 654], [654, 655], [654, 656], [656, 657], [656, 659], [657, 658], [657, 664], [659, 660], [659, 663], [660, 661], [660, 664], [664, 647], [664, 665], [665, 664], [665, 666], [667, -646], [667, 668], [668, 669], [668, 670], [671, 672], [671, 673], [673, 674], [673, 675], [675, 676], [675, 677], [678, 679], [678, 680], [680, 681], [680, 712], [681, 682], [681, 683], [685, 686], [685, 687], [687, 688], [687, 689], [689, 690], [689, 691], [701, 702], [701, 703], [703, 705], [710, 680], [710, 711], [712, 713], [712, 714], [715, 716], [715, 720], [717, 718], [717, 719], [720, 722], [722, 667], [722, 723], [723, 722], [723, 728]], "missing_branches": [[703, 704], [720, 721]]}, "validate_state": {"executed_lines": [732, 733, 734, 735, 736, 737, 740, 741, 742, 743, 744, 745, 746, 747, 748, 749, 750, 752, 753, 754, 755, 756, 757, 758, 759, 760, 761, 762, 763, 764, 765, 767, 768, 769, 770, 771, 772, 773], "summary": {"covered_lines": 38, "num_statements": 40, "percent_covered": 94.28571428571429, "percent_covered_display": "94", "missing_lines": 2, "excluded_lines": 0, "percent_statements_covered": 95.0, "percent_statements_covered_display": "95", "num_branches": 30, "num_partial_branches": 2, "covered_branches": 28, "missing_branches": 2, "percent_branches_covered": 93.33333333333333, "percent_branches_covered_display": "93"}, "missing_lines": [751, 766], "excluded_lines": [], "start_line": 731, "executed_branches": [[733, 734], [733, 735], [735, 736], [735, 737], [740, 741], [740, 742], [745, 746], [745, 747], [748, 749], [748, 750], [750, 752], [752, 753], [752, 754], [754, 755], [754, 756], [756, 757], [756, 759], [757, 756], [757, 758], [761, 762], [761, 764], [762, 761], [762, 763], [764, 765], [764, 767], [765, 764], [772, -731], [772, 773]], "missing_branches": [[750, 751], [765, 766]]}, "initialize_state": {"executed_lines": [776, 777, 778, 779, 780, 781, 782, 783, 784, 785, 786, 787, 788, 789, 790, 791, 792, 793, 808, 843, 844, 845], "summary": {"covered_lines": 22, "num_statements": 22, "percent_covered": 100.0, "percent_covered_display": "100", "missing_lines": 0, "excluded_lines": 0, "percent_statements_covered": 100.0, "percent_statements_covered_display": "100", "num_branches": 12, "num_partial_branches": 0, "covered_branches": 12, "missing_branches": 0, "percent_branches_covered": 100.0, "percent_branches_covered_display": "100"}, "missing_lines": [], "excluded_lines": [], "start_line": 775, "executed_branches": [[777, 778], [777, 779], [779, 780], [779, 781], [782, 783], [782, 784], [785, 786], [785, 787], [788, 789], [788, 790], [791, 792], [791, 793]], "missing_branches": []}, "_artifact_creator_transition": {"executed_lines": [850, 852, 853, 854, 855, 856, 858], "summary": {"covered_lines": 7, "num_statements": 9, "percent_covered": 76.47058823529412, "percent_covered_display": "76", "missing_lines": 2, "excluded_lines": 0, "percent_statements_covered": 77.77777777777777, "percent_statements_covered_display": "78", "num_branches": 8, "num_partial_branches": 2, "covered_branches": 6, "missing_branches": 2, "percent_branches_covered": 75.0, "percent_branches_covered_display": "75"}, "missing_lines": [851, 857], "excluded_lines": [], "start_line": 849, "executed_branches": [[850, 852], [852, 853], [852, 855], [853, 852], [853, 854], [856, 858]], "missing_branches": [[850, 851], [856, 857]]}, "_causal_basis_refs": {"executed_lines": [862, 863, 864, 865, 883, 884, 885, 886, 887, 888, 889, 890, 891, 892, 893, 894, 895, 896, 897], "summary": {"covered_lines": 19, "num_statements": 19, "percent_covered": 100.0, "percent_covered_display": "100", "missing_lines": 0, "excluded_lines": 0, "percent_statements_covered": 100.0, "percent_statements_covered_display": "100", "num_branches": 10, "num_partial_branches": 0, "covered_branches": 10, "missing_branches": 0, "percent_branches_covered": 100.0, "percent_branches_covered_display": "100"}, "missing_lines": [], "excluded_lines": [], "start_line": 861, "executed_branches": [[883, 884], [883, 887], [885, 883], [885, 886], [887, 888], [887, 889], [889, 890], [889, 891], [891, 892], [891, 895]], "missing_branches": []}, "_required_causal_parents": {"executed_lines": [901, 902, 903, 904, 905, 906], "summary": {"covered_lines": 6, "num_statements": 6, "percent_covered": 100.0, "percent_covered_display": "100", "missing_lines": 0, "excluded_lines": 0, "percent_statements_covered": 100.0, "percent_statements_covered_display": "100", "num_branches": 4, "num_partial_branches": 0, "covered_branches": 4, "missing_branches": 0, "percent_branches_covered": 100.0, "percent_branches_covered_display": "100"}, "missing_lines": [], "excluded_lines": [], "start_line": 900, "executed_branches": [[902, 903], [902, 906], [904, 902], [904, 905]], "missing_branches": []}, "_validate_envelope": {"executed_lines": [909, 910, 911, 912, 913, 914, 915, 916, 917, 918, 919, 920, 922, 923, 924, 925, 926, 927, 928, 929, 930, 931, 932, 933, 934, 935, 936, 937, 938, 939, 940], "summary": {"covered_lines": 31, "num_statements": 32, "percent_covered": 96.42857142857143, "percent_covered_display": "96", "missing_lines": 1, "excluded_lines": 0, "percent_statements_covered": 96.875, "percent_statements_covered_display": "97", "num_branches": 24, "num_partial_branches": 1, "covered_branches": 23, "missing_branches": 1, "percent_branches_covered": 95.83333333333333, "percent_branches_covered_display": "96"}, "missing_lines": [921], "excluded_lines": [], "start_line": 908, "executed_branches": [[911, 912], [911, 913], [914, 915], [914, 916], [918, 919], [918, 922], [919, 920], [922, 923], [922, 924], [924, 925], [924, 926], [927, 928], [927, 929], [929, 930], [929, 931], [931, 932], [931, 933], [933, 934], [933, 935], [936, 937], [936, 938], [938, 939], [938, 940]], "missing_branches": [[919, 921]]}, "_record_transition": {"executed_lines": [945, 946, 951, 952, 953, 963], "summary": {"covered_lines": 6, "num_statements": 6, "percent_covered": 100.0, "percent_covered_display": "100", "missing_lines": 0, "excluded_lines": 0, "percent_statements_covered": 100.0, "percent_statements_covered_display": "100", "num_branches": 0, "num_partial_branches": 0, "covered_branches": 0, "missing_branches": 0, "percent_branches_covered": 100.0, "percent_branches_covered_display": "100"}, "missing_lines": [], "excluded_lines": [], "start_line": 942, "executed_branches": [], "missing_branches": []}, "_handle_member_context_genesis": {"executed_lines": [966, 967, 968, 969, 970, 971, 972, 973, 974, 975, 976, 977, 978, 979, 980, 981, 982, 983, 985, 986, 987, 988, 989, 990, 991, 992, 993, 1008, 1009, 1010, 1011, 1012, 1013, 1015, 1016, 1017, 1018, 1019, 1020, 1021, 1022, 1024, 1029, 1030, 1031, 1032, 1033, 1034, 1035], "summary": {"covered_lines": 49, "num_statements": 51, "percent_covered": 93.10344827586206, "percent_covered_display": "93", "missing_lines": 2, "excluded_lines": 0, "percent_statements_covered": 96.07843137254902, "percent_statements_covered_display": "96", "num_branches": 36, "num_partial_branches": 4, "covered_branches": 32, "missing_branches": 4, "percent_branches_covered": 88.88888888888889, "percent_branches_covered_display": "89"}, "missing_lines": [1014, 1023], "excluded_lines": [], "start_line": 965, "executed_branches": [[968, 969], [968, 970], [971, 972], [971, 985], [973, 974], [973, 975], [975, 976], [975, 977], [977, 978], [977, 979], [979, 980], [979, 981], [982, 983], [982, 986], [988, 989], [988, 990], [991, 992], [991, 993], [1011, 1012], [1011, 1017], [1013, 1015], [1017, 1018], [1017, 1031], [1018, 1019], [1018, 1020], [1020, 1021], [1020, 1022], [1022, 1024], [1029, 1030], [1031, 1032], [1031, 1035], [1033, 1034]], "missing_branches": [[1013, 1014], [1022, 1023], [1029, 1017], [1033, 1035]]}, "_handle_decision": {"executed_lines": [1039, 1040, 1041, 1042, 1043, 1045, 1046, 1047, 1048, 1049, 1050, 1062], "summary": {"covered_lines": 12, "num_statements": 12, "percent_covered": 100.0, "percent_covered_display": "100", "missing_lines": 0, "excluded_lines": 0, "percent_statements_covered": 100.0, "percent_statements_covered_display": "100", "num_branches": 6, "num_partial_branches": 0, "covered_branches": 6, "missing_branches": 0, "percent_branches_covered": 100.0, "percent_branches_covered_display": "100"}, "missing_lines": [], "excluded_lines": [], "start_line": 1038, "executed_branches": [[1041, 1042], [1041, 1045], [1042, 1043], [1042, 1049], [1046, 1047], [1046, 1048]], "missing_branches": []}, "_handle_permit_issue": {"executed_lines": [1066, 1067, 1068, 1070, 1071, 1072, 1073, 1074, 1075, 1076, 1077, 1078, 1079, 1080, 1081, 1082, 1083, 1084, 1085, 1086, 1087, 1088, 1089, 1090, 1091, 1092, 1093, 1094, 1095, 1099, 1100, 1101, 1102, 1103, 1104, 1105, 1126], "summary": {"covered_lines": 37, "num_statements": 38, "percent_covered": 96.96969696969697, "percent_covered_display": "97", "missing_lines": 1, "excluded_lines": 0, "percent_statements_covered": 97.36842105263158, "percent_statements_covered_display": "97", "num_branches": 28, "num_partial_branches": 1, "covered_branches": 27, "missing_branches": 1, "percent_branches_covered": 96.42857142857143, "percent_branches_covered_display": "96"}, "missing_lines": [1069], "excluded_lines": [], "start_line": 1065, "executed_branches": [[1068, 1070], [1073, 1074], [1073, 1075], [1075, 1076], [1075, 1077], [1077, 1078], [1077, 1079], [1079, 1080], [1079, 1081], [1081, 1082], [1081, 1083], [1083, 1084], [1083, 1085], [1085, 1086], [1085, 1087], [1087, 1088], [1087, 1089], [1089, 1090], [1089, 1091], [1091, 1092], [1091, 1093], [1093, 1094], [1093, 1095], [1099, 1100], [1099, 1101], [1101, 1102], [1101, 1103]], "missing_branches": [[1068, 1069]]}, "_handle_permit_attenuate": {"executed_lines": [1130, 1131, 1132, 1134, 1136, 1138, 1139, 1141, 1142, 1143, 1144, 1145, 1147, 1149, 1150, 1152, 1153, 1155, 1157, 1161, 1163, 1164, 1165, 1186, 1187], "summary": {"covered_lines": 25, "num_statements": 35, "percent_covered": 66.10169491525424, "percent_covered_display": "66", "missing_lines": 10, "excluded_lines": 0, "percent_statements_covered": 71.42857142857143, "percent_statements_covered_display": "71", "num_branches": 24, "num_partial_branches": 10, "covered_branches": 14, "missing_branches": 10, "percent_branches_covered": 58.333333333333336, "percent_branches_covered_display": "58"}, "missing_lines": [1133, 1135, 1137, 1140, 1146, 1148, 1151, 1154, 1156, 1162], "excluded_lines": [], "start_line": 1129, "executed_branches": [[1132, 1134], [1134, 1136], [1136, 1138], [1139, 1141], [1142, 1143], [1142, 1144], [1145, 1147], [1147, 1149], [1149, 1150], [1149, 1152], [1150, 1149], [1153, 1155], [1155, 1157], [1161, 1163]], "missing_branches": [[1132, 1133], [1134, 1135], [1136, 1137], [1139, 1140], [1145, 1146], [1147, 1148], [1150, 1151], [1153, 1154], [1155, 1156], [1161, 1162]]}, "_handle_permit_use": {"executed_lines": [1190, 1191, 1192, 1193, 1194, 1195, 1196, 1197, 1198, 1199, 1200, 1201, 1202, 1203, 1204, 1205, 1206, 1207, 1208, 1209, 1210, 1211, 1212, 1220, 1230, 1235, 1236, 1237, 1238], "summary": {"covered_lines": 29, "num_statements": 29, "percent_covered": 100.0, "percent_covered_display": "100", "missing_lines": 0, "excluded_lines": 0, "percent_statements_covered": 100.0, "percent_statements_covered_display": "100", "num_branches": 18, "num_partial_branches": 0, "covered_branches": 18, "missing_branches": 0, "percent_branches_covered": 100.0, "percent_branches_covered_display": "100"}, "missing_lines": [], "excluded_lines": [], "start_line": 1189, "executed_branches": [[1192, 1193], [1192, 1194], [1194, 1195], [1194, 1196], [1196, 1197], [1196, 1198], [1198, 1199], [1198, 1200], [1200, 1201], [1200, 1202], [1203, 1204], [1203, 1207], [1204, 1205], [1204, 1206], [1207, 1208], [1207, 1209], [1236, 1237], [1236, 1238]], "missing_branches": []}, "_handle_observation": {"executed_lines": [1242, 1243, 1244, 1245, 1246, 1247, 1248, 1249, 1250, 1251, 1252, 1253, 1254, 1264], "summary": {"covered_lines": 14, "num_statements": 14, "percent_covered": 100.0, "percent_covered_display": "100", "missing_lines": 0, "excluded_lines": 0, "percent_statements_covered": 100.0, "percent_statements_covered_display": "100", "num_branches": 8, "num_partial_branches": 0, "covered_branches": 8, "missing_branches": 0, "percent_branches_covered": 100.0, "percent_branches_covered_display": "100"}, "missing_lines": [], "excluded_lines": [], "start_line": 1241, "executed_branches": [[1245, 1246], [1245, 1247], [1247, 1248], [1247, 1249], [1249, 1250], [1249, 1251], [1251, 1252], [1251, 1253]], "missing_branches": []}, "_handle_verification": {"executed_lines": [1268, 1269, 1270, 1271, 1272, 1273, 1274, 1275, 1276, 1277, 1278, 1279, 1280, 1281, 1286, 1287, 1288, 1289, 1290, 1291, 1292, 1293, 1294, 1306], "summary": {"covered_lines": 24, "num_statements": 24, "percent_covered": 100.0, "percent_covered_display": "100", "missing_lines": 0, "excluded_lines": 0, "percent_statements_covered": 100.0, "percent_statements_covered_display": "100", "num_branches": 14, "num_partial_branches": 0, "covered_branches": 14, "missing_branches": 0, "percent_branches_covered": 100.0, "percent_branches_covered_display": "100"}, "missing_lines": [], "excluded_lines": [], "start_line": 1267, "executed_branches": [[1273, 1274], [1273, 1275], [1275, 1276], [1275, 1277], [1277, 1278], [1277, 1279], [1279, 1280], [1279, 1281], [1286, 1287], [1286, 1288], [1289, 1290], [1289, 1291], [1291, 1292], [1291, 1293]], "missing_branches": []}, "_effective_verification_ref": {"executed_lines": [1311, 1312, 1313, 1314, 1316, 1317, 1321, 1323, 1324], "summary": {"covered_lines": 9, "num_statements": 13, "percent_covered": 61.904761904761905, "percent_covered_display": "62", "missing_lines": 4, "excluded_lines": 0, "percent_statements_covered": 69.23076923076923, "percent_statements_covered_display": "69", "num_branches": 8, "num_partial_branches": 4, "covered_branches": 4, "missing_branches": 4, "percent_branches_covered": 50.0, "percent_branches_covered_display": "50"}, "missing_lines": [1315, 1322, 1325, 1326], "excluded_lines": [], "start_line": 1310, "executed_branches": [[1313, 1314], [1314, 1316], [1321, 1323], [1323, 1324]], "missing_branches": [[1313, 1326], [1314, 1315], [1321, 1322], [1323, 1325]]}, "_effective_verifications_for_permit": {"executed_lines": [1330, 1331, 1332, 1334, 1335, 1336, 1337], "summary": {"covered_lines": 7, "num_statements": 8, "percent_covered": 78.57142857142857, "percent_covered_display": "79", "missing_lines": 1, "excluded_lines": 0, "percent_statements_covered": 87.5, "percent_statements_covered_display": "88", "num_branches": 6, "num_partial_branches": 2, "covered_branches": 4, "missing_branches": 2, "percent_branches_covered": 66.66666666666667, "percent_branches_covered_display": "67"}, "missing_lines": [1333], "excluded_lines": [], "start_line": 1329, "executed_branches": [[1331, 1332], [1331, 1337], [1332, 1334], [1335, 1336]], "missing_branches": [[1332, 1333], [1335, 1331]]}, "_handle_outcome": {"executed_lines": [1341, 1342, 1343, 1344, 1345, 1346, 1347, 1348, 1349, 1350, 1351, 1352, 1353, 1354, 1355, 1356, 1357, 1359, 1360, 1361, 1362, 1363, 1365, 1366, 1367, 1368, 1369, 1370, 1371, 1372, 1373, 1375, 1376, 1384, 1385, 1386], "summary": {"covered_lines": 36, "num_statements": 38, "percent_covered": 93.54838709677419, "percent_covered_display": "94", "missing_lines": 2, "excluded_lines": 0, "percent_statements_covered": 94.73684210526316, "percent_statements_covered_display": "95", "num_branches": 24, "num_partial_branches": 2, "covered_branches": 22, "missing_branches": 2, "percent_branches_covered": 91.66666666666667, "percent_branches_covered_display": "92"}, "missing_lines": [1358, 1374], "excluded_lines": [], "start_line": 1340, "executed_branches": [[1344, 1345], [1344, 1346], [1346, 1347], [1346, 1348], [1348, 1349], [1348, 1350], [1350, 1351], [1350, 1352], [1355, 1356], [1355, 1357], [1357, 1359], [1361, 1362], [1361, 1365], [1362, 1363], [1362, 1375], [1365, 1366], [1365, 1367], [1369, 1370], [1369, 1371], [1371, 1372], [1371, 1373], [1373, 1375]], "missing_branches": [[1357, 1358], [1373, 1374]]}, "_handle_export": {"executed_lines": [1389, 1390, 1391, 1392, 1393, 1394, 1395, 1396, 1397, 1398, 1399, 1400, 1401, 1402, 1403, 1404, 1410, 1411, 1412, 1413, 1425], "summary": {"covered_lines": 21, "num_statements": 21, "percent_covered": 96.7741935483871, "percent_covered_display": "97", "missing_lines": 0, "excluded_lines": 0, "percent_statements_covered": 100.0, "percent_statements_covered_display": "100", "num_branches": 10, "num_partial_branches": 1, "covered_branches": 9, "missing_branches": 1, "percent_branches_covered": 90.0, "percent_branches_covered_display": "90"}, "missing_lines": [], "excluded_lines": [], "start_line": 1388, "executed_branches": [[1392, 1393], [1392, 1394], [1394, 1395], [1394, 1396], [1397, 1398], [1397, 1403], [1399, 1400], [1399, 1401], [1401, 1402]], "missing_branches": [[1401, 1403]]}, "_handle_import": {"executed_lines": [1428, 1429, 1430, 1431, 1432, 1433, 1434, 1435, 1436, 1437, 1438, 1439, 1440, 1441, 1442, 1443, 1444, 1453, 1463], "summary": {"covered_lines": 19, "num_statements": 19, "percent_covered": 100.0, "percent_covered_display": "100", "missing_lines": 0, "excluded_lines": 0, "percent_statements_covered": 100.0, "percent_statements_covered_display": "100", "num_branches": 8, "num_partial_branches": 0, "covered_branches": 8, "missing_branches": 0, "percent_branches_covered": 100.0, "percent_branches_covered_display": "100"}, "missing_lines": [], "excluded_lines": [], "start_line": 1427, "executed_branches": [[1431, 1432], [1431, 1433], [1435, 1436], [1435, 1437], [1437, 1438], [1437, 1439], [1440, 1441], [1440, 1442]], "missing_branches": []}, "_handle_guarantee_suspend": {"executed_lines": [1467, 1468, 1469, 1470, 1471, 1472, 1473, 1474, 1475], "summary": {"covered_lines": 9, "num_statements": 9, "percent_covered": 100.0, "percent_covered_display": "100", "missing_lines": 0, "excluded_lines": 0, "percent_statements_covered": 100.0, "percent_statements_covered_display": "100", "num_branches": 4, "num_partial_branches": 0, "covered_branches": 4, "missing_branches": 0, "percent_branches_covered": 100.0, "percent_branches_covered_display": "100"}, "missing_lines": [], "excluded_lines": [], "start_line": 1466, "executed_branches": [[1470, 1471], [1470, 1472], [1472, 1473], [1472, 1474]], "missing_branches": []}, "compute_local_commit_id": {"executed_lines": [1479], "summary": {"covered_lines": 1, "num_statements": 1, "percent_covered": 100.0, "percent_covered_display": "100", "missing_lines": 0, "excluded_lines": 0, "percent_statements_covered": 100.0, "percent_statements_covered_display": "100", "num_branches": 0, "num_partial_branches": 0, "covered_branches": 0, "missing_branches": 0, "percent_branches_covered": 100.0, "percent_branches_covered_display": "100"}, "missing_lines": [], "excluded_lines": [], "start_line": 1478, "executed_branches": [], "missing_branches": []}, "_local_commit_root": {"executed_lines": [1488], "summary": {"covered_lines": 1, "num_statements": 1, "percent_covered": 100.0, "percent_covered_display": "100", "missing_lines": 0, "excluded_lines": 0, "percent_statements_covered": 100.0, "percent_statements_covered_display": "100", "num_branches": 0, "num_partial_branches": 0, "covered_branches": 0, "missing_branches": 0, "percent_branches_covered": 100.0, "percent_branches_covered_display": "100"}, "missing_lines": [], "excluded_lines": [], "start_line": 1487, "executed_branches": [], "missing_branches": []}, "_handle_partition_local_transition": {"executed_lines": [1497, 1498, 1499, 1500, 1501, 1502, 1503, 1504, 1508, 1509, 1510, 1511, 1512, 1513, 1514, 1515, 1516, 1517, 1525], "summary": {"covered_lines": 19, "num_statements": 22, "percent_covered": 82.3529411764706, "percent_covered_display": "82", "missing_lines": 3, "excluded_lines": 0, "percent_statements_covered": 86.36363636363636, "percent_statements_covered_display": "86", "num_branches": 12, "num_partial_branches": 1, "covered_branches": 9, "missing_branches": 3, "percent_branches_covered": 75.0, "percent_branches_covered_display": "75"}, "missing_lines": [1505, 1506, 1507], "excluded_lines": [], "start_line": 1496, "executed_branches": [[1499, 1500], [1499, 1501], [1502, 1503], [1502, 1504], [1504, 1508], [1509, 1510], [1509, 1511], [1514, 1515], [1514, 1516]], "missing_branches": [[1504, 1505], [1506, 1507], [1506, 1508]]}, "_handle_reconcile": {"executed_lines": [1529, 1530, 1531, 1532, 1533, 1534, 1535, 1536, 1537, 1538, 1539, 1540, 1541, 1542, 1543, 1544, 1545, 1546, 1549, 1550, 1551, 1552, 1553, 1554, 1556, 1559, 1560, 1561, 1562, 1563, 1564, 1565, 1566, 1567, 1568, 1569, 1570, 1571, 1572, 1573, 1574, 1575, 1576, 1577, 1580, 1581, 1584, 1587, 1588, 1589, 1590, 1591, 1592, 1593, 1594, 1595, 1596, 1597, 1598, 1599, 1600, 1602, 1603, 1604, 1605, 1606, 1607, 1608, 1618], "summary": {"covered_lines": 69, "num_statements": 74, "percent_covered": 91.96428571428571, "percent_covered_display": "92", "missing_lines": 5, "excluded_lines": 0, "percent_statements_covered": 93.24324324324324, "percent_statements_covered_display": "93", "num_branches": 38, "num_partial_branches": 4, "covered_branches": 34, "missing_branches": 4, "percent_branches_covered": 89.47368421052632, "percent_branches_covered_display": "89"}, "missing_lines": [1555, 1578, 1579, 1585, 1586], "excluded_lines": [], "start_line": 1528, "executed_branches": [[1532, 1533], [1532, 1534], [1534, 1535], [1534, 1536], [1536, 1537], [1536, 1538], [1538, 1539], [1538, 1540], [1543, 1544], [1543, 1545], [1545, 1546], [1545, 1561], [1549, 1550], [1549, 1551], [1551, 1552], [1551, 1553], [1554, 1556], [1559, 1545], [1559, 1560], [1562, 1563], [1562, 1564], [1569, 1570], [1569, 1590], [1571, 1572], [1571, 1590], [1573, 1574], [1573, 1576], [1577, 1580], [1584, 1587], [1591, 1592], [1591, 1595], [1595, 1596], [1595, 1602], [1598, 1599]], "missing_branches": [[1554, 1555], [1577, 1578], [1584, 1585], [1598, 1608]]}, "_withdraw_subtree": {"executed_lines": [1621, 1622, 1623, 1624, 1625, 1626, 1627, 1628, 1630, 1633, 1637], "summary": {"covered_lines": 11, "num_statements": 14, "percent_covered": 70.83333333333333, "percent_covered_display": "71", "missing_lines": 3, "excluded_lines": 0, "percent_statements_covered": 78.57142857142857, "percent_statements_covered_display": "79", "num_branches": 10, "num_partial_branches": 2, "covered_branches": 6, "missing_branches": 4, "percent_branches_covered": 60.0, "percent_branches_covered_display": "60"}, "missing_lines": [1629, 1631, 1632], "excluded_lines": [], "start_line": 1620, "executed_branches": [[1622, 1623], [1622, 1627], [1627, 1628], [1627, 1630], [1628, 1627], [1630, 1633]], "missing_branches": [[1628, 1629], [1630, 1631], [1631, 1630], [1631, 1632]]}, "_handle_membership_withdraw": {"executed_lines": [1641, 1642, 1643, 1644, 1645, 1646, 1647, 1648, 1649, 1650, 1651, 1652, 1664], "summary": {"covered_lines": 13, "num_statements": 13, "percent_covered": 100.0, "percent_covered_display": "100", "missing_lines": 0, "excluded_lines": 0, "percent_statements_covered": 100.0, "percent_statements_covered_display": "100", "num_branches": 6, "num_partial_branches": 0, "covered_branches": 6, "missing_branches": 0, "percent_branches_covered": 100.0, "percent_branches_covered_display": "100"}, "missing_lines": [], "excluded_lines": [], "start_line": 1640, "executed_branches": [[1642, 1643], [1642, 1644], [1645, 1646], [1645, 1647], [1648, 1649], [1648, 1650]], "missing_branches": []}, "_handle_context_redefine": {"executed_lines": [1668, 1669, 1670, 1671, 1672, 1673, 1674, 1675, 1676, 1679, 1680, 1681, 1682, 1683, 1684, 1685, 1686, 1687, 1688, 1689, 1690, 1691, 1692, 1693, 1694, 1695, 1696, 1697, 1698, 1699, 1700, 1701, 1702, 1711, 1712, 1713, 1714, 1715, 1717, 1718, 1719, 1720, 1721, 1722, 1723, 1724, 1726, 1727, 1728, 1729, 1731, 1732, 1733, 1734, 1735, 1743, 1744, 1746, 1747, 1748, 1749, 1750, 1760, 1761, 1762, 1763, 1770, 1771, 1772, 1773, 1774, 1779, 1780, 1781, 1782, 1790], "summary": {"covered_lines": 76, "num_statements": 82, "percent_covered": 91.26984126984127, "percent_covered_display": "91", "missing_lines": 6, "excluded_lines": 0, "percent_statements_covered": 92.6829268292683, "percent_statements_covered_display": "93", "num_branches": 44, "num_partial_branches": 3, "covered_branches": 39, "missing_branches": 5, "percent_branches_covered": 88.63636363636364, "percent_branches_covered_display": "89"}, "missing_lines": [1725, 1764, 1765, 1766, 1767, 1768], "excluded_lines": [], "start_line": 1667, "executed_branches": [[1671, 1672], [1671, 1673], [1674, 1675], [1674, 1676], [1681, 1682], [1681, 1683], [1685, 1686], [1685, 1687], [1688, 1689], [1688, 1695], [1691, 1692], [1691, 1693], [1693, 1688], [1693, 1694], [1698, 1699], [1698, 1717], [1712, 1713], [1712, 1714], [1718, 1719], [1718, 1720], [1720, 1721], [1720, 1728], [1721, 1720], [1721, 1722], [1722, 1723], [1722, 1724], [1724, 1726], [1726, 1721], [1726, 1727], [1731, 1732], [1731, 1746], [1746, 1747], [1746, 1770], [1763, 1746], [1770, 1771], [1770, 1781], [1772, 1770], [1772, 1773], [1779, 1780]], "missing_branches": [[1724, 1725], [1763, 1764], [1765, 1766], [1765, 1767], [1779, 1772]]}, "_handle_context_terminate": {"executed_lines": [1793, 1794, 1795, 1796, 1797, 1798, 1799, 1800, 1801, 1802, 1803, 1804, 1805, 1806, 1807, 1808, 1809, 1810, 1811, 1812, 1813, 1814, 1815, 1817], "summary": {"covered_lines": 24, "num_statements": 25, "percent_covered": 95.34883720930233, "percent_covered_display": "95", "missing_lines": 1, "excluded_lines": 0, "percent_statements_covered": 96.0, "percent_statements_covered_display": "96", "num_branches": 18, "num_partial_branches": 1, "covered_branches": 17, "missing_branches": 1, "percent_branches_covered": 94.44444444444444, "percent_branches_covered_display": "94"}, "missing_lines": [1816], "excluded_lines": [], "start_line": 1792, "executed_branches": [[1796, 1797], [1796, 1798], [1798, 1799], [1798, 1800], [1801, 1802], [1801, 1803], [1804, 1805], [1804, 1806], [1807, 1808], [1807, 1811], [1811, 1812], [1811, 1814], [1812, 1811], [1812, 1813], [1814, 1815], [1814, 1817], [1815, 1814]], "missing_branches": [[1815, 1816]]}, "_handle_correction": {"executed_lines": [1821, 1822, 1823, 1824, 1825, 1826, 1827, 1828, 1830, 1831, 1832, 1833, 1834, 1835, 1836, 1837, 1838, 1839, 1840, 1851, 1852, 1861], "summary": {"covered_lines": 22, "num_statements": 29, "percent_covered": 70.58823529411765, "percent_covered_display": "71", "missing_lines": 7, "excluded_lines": 0, "percent_statements_covered": 75.86206896551724, "percent_statements_covered_display": "76", "num_branches": 22, "num_partial_branches": 2, "covered_branches": 14, "missing_branches": 8, "percent_branches_covered": 63.63636363636363, "percent_branches_covered_display": "64"}, "missing_lines": [1829, 1841, 1842, 1843, 1848, 1849, 1850], "excluded_lines": [], "start_line": 1820, "executed_branches": [[1823, 1824], [1823, 1825], [1826, 1827], [1826, 1828], [1828, 1830], [1830, 1831], [1830, 1832], [1832, 1833], [1832, 1834], [1835, 1836], [1835, 1851], [1836, 1837], [1836, 1838], [1839, 1840]], "missing_branches": [[1828, 1829], [1839, 1841], [1841, 1842], [1841, 1843], [1843, 1848], [1843, 1849], [1849, 1850], [1849, 1851]]}, "_transfer_task_digest": {"executed_lines": [1864], "summary": {"covered_lines": 1, "num_statements": 1, "percent_covered": 100.0, "percent_covered_display": "100", "missing_lines": 0, "excluded_lines": 0, "percent_statements_covered": 100.0, "percent_statements_covered_display": "100", "num_branches": 0, "num_partial_branches": 0, "covered_branches": 0, "missing_branches": 0, "percent_branches_covered": 100.0, "percent_branches_covered_display": "100"}, "missing_lines": [], "excluded_lines": [], "start_line": 1863, "executed_branches": [], "missing_branches": []}, "_handle_authority_transfer": {"executed_lines": [1871, 1872, 1873, 1874, 1875, 1876, 1877, 1878, 1879, 1880, 1881, 1882, 1883, 1884, 1885, 1886, 1887, 1888, 1889, 1890, 1898, 1899, 1900, 1907, 1908, 1909], "summary": {"covered_lines": 26, "num_statements": 26, "percent_covered": 100.0, "percent_covered_display": "100", "missing_lines": 0, "excluded_lines": 0, "percent_statements_covered": 100.0, "percent_statements_covered_display": "100", "num_branches": 14, "num_partial_branches": 0, "covered_branches": 14, "missing_branches": 0, "percent_branches_covered": 100.0, "percent_branches_covered_display": "100"}, "missing_lines": [], "excluded_lines": [], "start_line": 1870, "executed_branches": [[1875, 1876], [1875, 1877], [1877, 1878], [1877, 1879], [1879, 1880], [1879, 1881], [1882, 1883], [1882, 1884], [1885, 1886], [1885, 1887], [1887, 1888], [1887, 1889], [1890, 1898], [1890, 1899]], "missing_branches": []}, "apply_transition": {"executed_lines": [1933, 1934, 1935, 1936, 1937, 1938, 1939, 1940, 1941, 1942, 1943, 1944, 1945, 1946, 1948, 1949, 1950, 1951, 1952, 1953, 1954, 1955, 1956, 1957, 1958, 1959, 1960], "summary": {"covered_lines": 27, "num_statements": 27, "percent_covered": 100.0, "percent_covered_display": "100", "missing_lines": 0, "excluded_lines": 0, "percent_statements_covered": 100.0, "percent_statements_covered_display": "100", "num_branches": 8, "num_partial_branches": 0, "covered_branches": 8, "missing_branches": 0, "percent_branches_covered": 100.0, "percent_branches_covered_display": "100"}, "missing_lines": [], "excluded_lines": [], "start_line": 1932, "executed_branches": [[1937, 1938], [1937, 1939], [1945, 1946], [1945, 1948], [1949, 1950], [1949, 1951], [1955, 1956], [1955, 1957]], "missing_branches": []}, "validate_case": {"executed_lines": [1963, 1964, 1965, 1966, 1967, 1968, 1969, 1970, 1971, 1972, 1973, 1974, 1975, 1976, 1977, 1982, 1983, 1984, 1985, 1986, 1987, 1988, 1989, 1990, 1991, 1992, 1993], "summary": {"covered_lines": 27, "num_statements": 27, "percent_covered": 100.0, "percent_covered_display": "100", "missing_lines": 0, "excluded_lines": 0, "percent_statements_covered": 100.0, "percent_statements_covered_display": "100", "num_branches": 12, "num_partial_branches": 0, "covered_branches": 12, "missing_branches": 0, "percent_branches_covered": 100.0, "percent_branches_covered_display": "100"}, "missing_lines": [], "excluded_lines": [], "start_line": 1962, "executed_branches": [[1969, 1970], [1969, 1976], [1971, 1972], [1971, 1975], [1984, 1985], [1984, 1993], [1985, 1986], [1985, 1988], [1989, 1990], [1989, 1991], [1991, 1984], [1991, 1992]], "missing_branches": []}, "": {"executed_lines": [1, 3, 4, 5, 6, 7, 8, 9, 11, 12, 14, 15, 16, 18, 19, 26, 30, 33, 34, 39, 42, 61, 68, 90, 101, 107, 113, 117, 121, 142, 146, 157, 161, 168, 179, 185, 189, 195, 199, 205, 214, 225, 242, 252, 264, 272, 294, 306, 345, 354, 383, 404, 409, 430, 454, 532, 601, 646, 731, 775, 849, 861, 900, 908, 942, 965, 1038, 1065, 1129, 1189, 1241, 1267, 1310, 1329, 1340, 1388, 1427, 1466, 1478, 1487, 1496, 1528, 1620, 1640, 1667, 1792, 1820, 1863, 1870, 1911, 1932, 1962, 1996], "summary": {"covered_lines": 93, "num_statements": 93, "percent_covered": 100.0, "percent_covered_display": "100", "missing_lines": 0, "excluded_lines": 0, "percent_statements_covered": 100.0, "percent_statements_covered_display": "100", "num_branches": 0, "num_partial_branches": 0, "covered_branches": 0, "missing_branches": 0, "percent_branches_covered": 100.0, "percent_branches_covered_display": "100"}, "missing_lines": [], "excluded_lines": [], "start_line": 1, "executed_branches": [], "missing_branches": []}}, "classes": {"SeedError": {"executed_lines": [35, 36], "summary": {"covered_lines": 2, "num_statements": 2, "percent_covered": 100.0, "percent_covered_display": "100", "missing_lines": 0, "excluded_lines": 0, "percent_statements_covered": 100.0, "percent_statements_covered_display": "100", "num_branches": 0, "num_partial_branches": 0, "covered_branches": 0, "missing_branches": 0, "percent_branches_covered": 100.0, "percent_branches_covered_display": "100"}, "missing_lines": [], "excluded_lines": [], "start_line": 33, "executed_branches": [], "missing_branches": []}, "": {"executed_lines": [1, 3, 4, 5, 6, 7, 8, 9, 11, 12, 14, 15, 16, 18, 19, 26, 30, 33, 34, 39, 42, 44, 45, 46, 47, 48, 49, 50, 51, 52, 53, 54, 58, 61, 62, 63, 64, 65, 68, 69, 70, 71, 72, 73, 74, 75, 76, 77, 78, 79, 80, 81, 82, 83, 84, 85, 86, 87, 90, 91, 92, 101, 102, 103, 104, 107, 108, 109, 110, 113, 114, 117, 118, 121, 130, 142, 143, 146, 147, 157, 158, 161, 162, 168, 169, 179, 180, 181, 182, 185, 186, 189, 190, 191, 192, 195, 196, 199, 200, 201, 202, 205, 214, 215, 225, 226, 227, 238, 239, 242, 243, 252, 255, 256, 257, 258, 259, 260, 261, 264, 267, 268, 269, 272, 275, 276, 277, 278, 279, 280, 281, 282, 283, 284, 285, 286, 287, 289, 290, 291, 294, 295, 296, 297, 298, 299, 306, 309, 310, 311, 312, 313, 314, 315, 316, 317, 321, 322, 323, 324, 325, 326, 327, 328, 329, 331, 332, 333, 334, 335, 336, 337, 338, 339, 340, 341, 342, 343, 345, 346, 347, 348, 349, 350, 351, 354, 355, 356, 357, 358, 359, 360, 361, 362, 363, 364, 365, 366, 367, 368, 369, 370, 371, 372, 373, 374, 375, 376, 377, 378, 379, 383, 384, 385, 386, 387, 388, 389, 390, 391, 392, 393, 394, 395, 396, 397, 401, 404, 405, 406, 409, 410, 411, 412, 413, 414, 415, 416, 417, 418, 419, 420, 421, 422, 427, 428, 430, 431, 446, 447, 448, 449, 450, 451, 454, 455, 456, 457, 458, 459, 460, 461, 462, 463, 464, 465, 466, 467, 468, 469, 470, 471, 473, 474, 475, 476, 477, 478, 483, 484, 485, 486, 487, 488, 489, 490, 491, 492, 494, 495, 496, 497, 498, 499, 500, 501, 502, 503, 504, 505, 506, 507, 508, 509, 510, 511, 512, 513, 514, 515, 516, 517, 518, 519, 520, 521, 522, 523, 524, 525, 526, 527, 528, 529, 530, 532, 533, 534, 535, 536, 537, 538, 539, 540, 541, 542, 543, 544, 545, 546, 547, 548, 549, 550, 551, 552, 553, 555, 556, 557, 558, 559, 564, 565, 566, 567, 568, 570, 572, 573, 574, 575, 576, 577, 583, 584, 585, 586, 587, 588, 589, 590, 591, 592, 593, 594, 595, 596, 597, 598, 599, 601, 602, 603, 604, 605, 606, 607, 608, 609, 610, 611, 612, 613, 614, 615, 616, 617, 618, 619, 620, 621, 623, 625, 626, 630, 631, 632, 637, 638, 643, 644, 646, 647, 648, 649, 650, 651, 652, 653, 654, 655, 656, 657, 658, 659, 660, 661, 663, 664, 665, 666, 667, 668, 669, 670, 671, 672, 673, 674, 675, 676, 677, 678, 679, 680, 681, 682, 683, 684, 685, 686, 687, 688, 689, 690, 691, 692, 701, 702, 703, 705, 706, 710, 711, 712, 713, 714, 715, 716, 717, 718, 719, 720, 722, 723, 728, 731, 732, 733, 734, 735, 736, 737, 740, 741, 742, 743, 744, 745, 746, 747, 748, 749, 750, 752, 753, 754, 755, 756, 757, 758, 759, 760, 761, 762, 763, 764, 765, 767, 768, 769, 770, 771, 772, 773, 775, 776, 777, 778, 779, 780, 781, 782, 783, 784, 785, 786, 787, 788, 789, 790, 791, 792, 793, 808, 843, 844, 845, 849, 850, 852, 853, 854, 855, 856, 858, 861, 862, 863, 864, 865, 883, 884, 885, 886, 887, 888, 889, 890, 891, 892, 893, 894, 895, 896, 897, 900, 901, 902, 903, 904, 905, 906, 908, 909, 910, 911, 912, 913, 914, 915, 916, 917, 918, 919, 920, 922, 923, 924, 925, 926, 927, 928, 929, 930, 931, 932, 933, 934, 935, 936, 937, 938, 939, 940, 942, 945, 946, 951, 952, 953, 963, 965, 966, 967, 968, 969, 970, 971, 972, 973, 974, 975, 976, 977, 978, 979, 980, 981, 982, 983, 985, 986, 987, 988, 989, 990, 991, 992, 993, 1008, 1009, 1010, 1011, 1012, 1013, 1015, 1016, 1017, 1018, 1019, 1020, 1021, 1022, 1024, 1029, 1030, 1031, 1032, 1033, 1034, 1035, 1038, 1039, 1040, 1041, 1042, 1043, 1045, 1046, 1047, 1048, 1049, 1050, 1062, 1065, 1066, 1067, 1068, 1070, 1071, 1072, 1073, 1074, 1075, 1076, 1077, 1078, 1079, 1080, 1081, 1082, 1083, 1084, 1085, 1086, 1087, 1088, 1089, 1090, 1091, 1092, 1093, 1094, 1095, 1099, 1100, 1101, 1102, 1103, 1104, 1105, 1126, 1129, 1130, 1131, 1132, 1134, 1136, 1138, 1139, 1141, 1142, 1143, 1144, 1145, 1147, 1149, 1150, 1152, 1153, 1155, 1157, 1161, 1163, 1164, 1165, 1186, 1187, 1189, 1190, 1191, 1192, 1193, 1194, 1195, 1196, 1197, 1198, 1199, 1200, 1201, 1202, 1203, 1204, 1205, 1206, 1207, 1208, 1209, 1210, 1211, 1212, 1220, 1230, 1235, 1236, 1237, 1238, 1241, 1242, 1243, 1244, 1245, 1246, 1247, 1248, 1249, 1250, 1251, 1252, 1253, 1254, 1264, 1267, 1268, 1269, 1270, 1271, 1272, 1273, 1274, 1275, 1276, 1277, 1278, 1279, 1280, 1281, 1286, 1287, 1288, 1289, 1290, 1291, 1292, 1293, 1294, 1306, 1310, 1311, 1312, 1313, 1314, 1316, 1317, 1321, 1323, 1324, 1329, 1330, 1331, 1332, 1334, 1335, 1336, 1337, 1340, 1341, 1342, 1343, 1344, 1345, 1346, 1347, 1348, 1349, 1350, 1351, 1352, 1353, 1354, 1355, 1356, 1357, 1359, 1360, 1361, 1362, 1363, 1365, 1366, 1367, 1368, 1369, 1370, 1371, 1372, 1373, 1375, 1376, 1384, 1385, 1386, 1388, 1389, 1390, 1391, 1392, 1393, 1394, 1395, 1396, 1397, 1398, 1399, 1400, 1401, 1402, 1403, 1404, 1410, 1411, 1412, 1413, 1425, 1427, 1428, 1429, 1430, 1431, 1432, 1433, 1434, 1435, 1436, 1437, 1438, 1439, 1440, 1441, 1442, 1443, 1444, 1453, 1463, 1466, 1467, 1468, 1469, 1470, 1471, 1472, 1473, 1474, 1475, 1478, 1479, 1487, 1488, 1496, 1497, 1498, 1499, 1500, 1501, 1502, 1503, 1504, 1508, 1509, 1510, 1511, 1512, 1513, 1514, 1515, 1516, 1517, 1525, 1528, 1529, 1530, 1531, 1532, 1533, 1534, 1535, 1536, 1537, 1538, 1539, 1540, 1541, 1542, 1543, 1544, 1545, 1546, 1549, 1550, 1551, 1552, 1553, 1554, 1556, 1559, 1560, 1561, 1562, 1563, 1564, 1565, 1566, 1567, 1568, 1569, 1570, 1571, 1572, 1573, 1574, 1575, 1576, 1577, 1580, 1581, 1584, 1587, 1588, 1589, 1590, 1591, 1592, 1593, 1594, 1595, 1596, 1597, 1598, 1599, 1600, 1602, 1603, 1604, 1605, 1606, 1607, 1608, 1618, 1620, 1621, 1622, 1623, 1624, 1625, 1626, 1627, 1628, 1630, 1633, 1637, 1640, 1641, 1642, 1643, 1644, 1645, 1646, 1647, 1648, 1649, 1650, 1651, 1652, 1664, 1667, 1668, 1669, 1670, 1671, 1672, 1673, 1674, 1675, 1676, 1679, 1680, 1681, 1682, 1683, 1684, 1685, 1686, 1687, 1688, 1689, 1690, 1691, 1692, 1693, 1694, 1695, 1696, 1697, 1698, 1699, 1700, 1701, 1702, 1711, 1712, 1713, 1714, 1715, 1717, 1718, 1719, 1720, 1721, 1722, 1723, 1724, 1726, 1727, 1728, 1729, 1731, 1732, 1733, 1734, 1735, 1743, 1744, 1746, 1747, 1748, 1749, 1750, 1760, 1761, 1762, 1763, 1770, 1771, 1772, 1773, 1774, 1779, 1780, 1781, 1782, 1790, 1792, 1793, 1794, 1795, 1796, 1797, 1798, 1799, 1800, 1801, 1802, 1803, 1804, 1805, 1806, 1807, 1808, 1809, 1810, 1811, 1812, 1813, 1814, 1815, 1817, 1820, 1821, 1822, 1823, 1824, 1825, 1826, 1827, 1828, 1830, 1831, 1832, 1833, 1834, 1835, 1836, 1837, 1838, 1839, 1840, 1851, 1852, 1861, 1863, 1864, 1870, 1871, 1872, 1873, 1874, 1875, 1876, 1877, 1878, 1879, 1880, 1881, 1882, 1883, 1884, 1885, 1886, 1887, 1888, 1889, 1890, 1898, 1899, 1900, 1907, 1908, 1909, 1911, 1932, 1933, 1934, 1935, 1936, 1937, 1938, 1939, 1940, 1941, 1942, 1943, 1944, 1945, 1946, 1948, 1949, 1950, 1951, 1952, 1953, 1954, 1955, 1956, 1957, 1958, 1959, 1960, 1962, 1963, 1964, 1965, 1966, 1967, 1968, 1969, 1970, 1971, 1972, 1973, 1974, 1975, 1976, 1977, 1982, 1983, 1984, 1985, 1986, 1987, 1988, 1989, 1990, 1991, 1992, 1993, 1996], "summary": {"covered_lines": 1249, "num_statements": 1314, "percent_covered": 93.49056603773585, "percent_covered_display": "93", "missing_lines": 65, "excluded_lines": 0, "percent_statements_covered": 95.05327245053273, "percent_statements_covered_display": "95", "num_branches": 806, "num_partial_branches": 59, "covered_branches": 733, "missing_branches": 73, "percent_branches_covered": 90.94292803970224, "percent_branches_covered_display": "91"}, "missing_lines": [207, 288, 300, 301, 302, 303, 330, 472, 554, 569, 571, 622, 624, 704, 721, 751, 766, 851, 857, 921, 1014, 1023, 1069, 1133, 1135, 1137, 1140, 1146, 1148, 1151, 1154, 1156, 1162, 1315, 1322, 1325, 1326, 1333, 1358, 1374, 1505, 1506, 1507, 1555, 1578, 1579, 1585, 1586, 1629, 1631, 1632, 1725, 1764, 1765, 1766, 1767, 1768, 1816, 1829, 1841, 1842, 1843, 1848, 1849, 1850], "excluded_lines": [], "start_line": 1, "executed_branches": [[44, 45], [44, 46], [49, 50], [49, 53], [64, -61], [64, 65], [69, 70], [69, 71], [71, 72], [71, 73], [73, 74], [73, 75], [75, 76], [75, 77], [77, 78], [77, 87], [79, 80], [79, 86], [80, 81], [80, 82], [83, 84], [83, 85], [108, 109], [108, 110], [257, 258], [257, 261], [259, 260], [268, -264], [268, 269], [276, 277], [276, 283], [278, 279], [278, 280], [280, 281], [280, 282], [285, 286], [285, 291], [287, 289], [296, 297], [298, 299], [311, 312], [311, 313], [313, 314], [313, 315], [315, 316], [315, 317], [322, 323], [322, 335], [323, 324], [323, 325], [327, 328], [327, 329], [329, 331], [333, 334], [337, 338], [337, 343], [339, 337], [339, 340], [340, 341], [346, 347], [346, 351], [347, 348], [347, 349], [349, 346], [349, 350], [357, 358], [357, 359], [359, 360], [359, 361], [362, 363], [362, 364], [364, 365], [364, 372], [365, 366], [365, 367], [367, 368], [367, 369], [370, 364], [370, 371], [372, -354], [372, 373], [375, 372], [375, 376], [376, 377], [376, 378], [385, -383], [385, 386], [390, 391], [390, 392], [393, 394], [393, 395], [395, 396], [395, 397], [397, 385], [397, 401], [411, -409], [411, 412], [412, 413], [412, 414], [414, 415], [414, 416], [416, 417], [416, 418], [418, 419], [418, 420], [420, 411], [420, 421], [421, 422], [421, 428], [422, 421], [422, 427], [446, -430], [446, 447], [447, 446], [447, 448], [448, 449], [448, 450], [450, 447], [450, 451], [457, 458], [457, 465], [459, 460], [459, 461], [463, 457], [463, 464], [465, 466], [465, 468], [466, 465], [466, 467], [468, 469], [468, 518], [469, 470], [469, 471], [471, 473], [474, 475], [474, 476], [476, 477], [476, 478], [483, 484], [483, 485], [485, 486], [485, 494], [487, 488], [487, 489], [489, 490], [489, 491], [491, 492], [491, 506], [495, 496], [495, 497], [497, 498], [497, 499], [499, 500], [499, 501], [501, 502], [501, 503], [503, 504], [503, 506], [504, 503], [504, 505], [508, 509], [508, 510], [510, 511], [510, 512], [512, 513], [512, 514], [514, 468], [514, 515], [516, 468], [516, 517], [518, 519], [518, 524], [519, 520], [519, 521], [522, 518], [522, 523], [524, 525], [524, 527], [525, 524], [525, 526], [527, -454], [527, 528], [529, 527], [529, 530], [533, 534], [533, 540], [536, 537], [536, 538], [538, 533], [538, 539], [541, 542], [541, 555], [544, 545], [544, 546], [546, 547], [546, 548], [548, 549], [548, 550], [550, 551], [550, 552], [553, 541], [555, 556], [555, 572], [557, 558], [557, 559], [564, 565], [564, 566], [566, 555], [566, 567], [568, 570], [570, 566], [572, 573], [572, 585], [573, 574], [573, 577], [575, 576], [583, 572], [583, 584], [585, 586], [585, 589], [587, 585], [587, 588], [589, -532], [589, 590], [590, 591], [590, 592], [594, 595], [594, 596], [596, 589], [596, 597], [598, 599], [602, 603], [602, 604], [605, 606], [605, 612], [606, 607], [606, 608], [608, 605], [608, 609], [609, 610], [609, 611], [612, 613], [612, 625], [614, 615], [614, 618], [616, 614], [616, 617], [618, 619], [618, 620], [620, 612], [620, 621], [621, 623], [623, 620], [625, -601], [625, 626], [630, 631], [630, 632], [637, 638], [637, 643], [643, 625], [643, 644], [647, 648], [647, 667], [648, 649], [648, 650], [650, 651], [650, 652], [652, 653], [652, 654], [654, 655], [654, 656], [656, 657], [656, 659], [657, 658], [657, 664], [659, 660], [659, 663], [660, 661], [660, 664], [664, 647], [664, 665], [665, 664], [665, 666], [667, -646], [667, 668], [668, 669], [668, 670], [671, 672], [671, 673], [673, 674], [673, 675], [675, 676], [675, 677], [678, 679], [678, 680], [680, 681], [680, 712], [681, 682], [681, 683], [685, 686], [685, 687], [687, 688], [687, 689], [689, 690], [689, 691], [701, 702], [701, 703], [703, 705], [710, 680], [710, 711], [712, 713], [712, 714], [715, 716], [715, 720], [717, 718], [717, 719], [720, 722], [722, 667], [722, 723], [723, 722], [723, 728], [733, 734], [733, 735], [735, 736], [735, 737], [740, 741], [740, 742], [745, 746], [745, 747], [748, 749], [748, 750], [750, 752], [752, 753], [752, 754], [754, 755], [754, 756], [756, 757], [756, 759], [757, 756], [757, 758], [761, 762], [761, 764], [762, 761], [762, 763], [764, 765], [764, 767], [765, 764], [772, -731], [772, 773], [777, 778], [777, 779], [779, 780], [779, 781], [782, 783], [782, 784], [785, 786], [785, 787], [788, 789], [788, 790], [791, 792], [791, 793], [850, 852], [852, 853], [852, 855], [853, 852], [853, 854], [856, 858], [883, 884], [883, 887], [885, 883], [885, 886], [887, 888], [887, 889], [889, 890], [889, 891], [891, 892], [891, 895], [902, 903], [902, 906], [904, 902], [904, 905], [911, 912], [911, 913], [914, 915], [914, 916], [918, 919], [918, 922], [919, 920], [922, 923], [922, 924], [924, 925], [924, 926], [927, 928], [927, 929], [929, 930], [929, 931], [931, 932], [931, 933], [933, 934], [933, 935], [936, 937], [936, 938], [938, 939], [938, 940], [968, 969], [968, 970], [971, 972], [971, 985], [973, 974], [973, 975], [975, 976], [975, 977], [977, 978], [977, 979], [979, 980], [979, 981], [982, 983], [982, 986], [988, 989], [988, 990], [991, 992], [991, 993], [1011, 1012], [1011, 1017], [1013, 1015], [1017, 1018], [1017, 1031], [1018, 1019], [1018, 1020], [1020, 1021], [1020, 1022], [1022, 1024], [1029, 1030], [1031, 1032], [1031, 1035], [1033, 1034], [1041, 1042], [1041, 1045], [1042, 1043], [1042, 1049], [1046, 1047], [1046, 1048], [1068, 1070], [1073, 1074], [1073, 1075], [1075, 1076], [1075, 1077], [1077, 1078], [1077, 1079], [1079, 1080], [1079, 1081], [1081, 1082], [1081, 1083], [1083, 1084], [1083, 1085], [1085, 1086], [1085, 1087], [1087, 1088], [1087, 1089], [1089, 1090], [1089, 1091], [1091, 1092], [1091, 1093], [1093, 1094], [1093, 1095], [1099, 1100], [1099, 1101], [1101, 1102], [1101, 1103], [1132, 1134], [1134, 1136], [1136, 1138], [1139, 1141], [1142, 1143], [1142, 1144], [1145, 1147], [1147, 1149], [1149, 1150], [1149, 1152], [1150, 1149], [1153, 1155], [1155, 1157], [1161, 1163], [1192, 1193], [1192, 1194], [1194, 1195], [1194, 1196], [1196, 1197], [1196, 1198], [1198, 1199], [1198, 1200], [1200, 1201], [1200, 1202], [1203, 1204], [1203, 1207], [1204, 1205], [1204, 1206], [1207, 1208], [1207, 1209], [1236, 1237], [1236, 1238], [1245, 1246], [1245, 1247], [1247, 1248], [1247, 1249], [1249, 1250], [1249, 1251], [1251, 1252], [1251, 1253], [1273, 1274], [1273, 1275], [1275, 1276], [1275, 1277], [1277, 1278], [1277, 1279], [1279, 1280], [1279, 1281], [1286, 1287], [1286, 1288], [1289, 1290], [1289, 1291], [1291, 1292], [1291, 1293], [1313, 1314], [1314, 1316], [1321, 1323], [1323, 1324], [1331, 1332], [1331, 1337], [1332, 1334], [1335, 1336], [1344, 1345], [1344, 1346], [1346, 1347], [1346, 1348], [1348, 1349], [1348, 1350], [1350, 1351], [1350, 1352], [1355, 1356], [1355, 1357], [1357, 1359], [1361, 1362], [1361, 1365], [1362, 1363], [1362, 1375], [1365, 1366], [1365, 1367], [1369, 1370], [1369, 1371], [1371, 1372], [1371, 1373], [1373, 1375], [1392, 1393], [1392, 1394], [1394, 1395], [1394, 1396], [1397, 1398], [1397, 1403], [1399, 1400], [1399, 1401], [1401, 1402], [1431, 1432], [1431, 1433], [1435, 1436], [1435, 1437], [1437, 1438], [1437, 1439], [1440, 1441], [1440, 1442], [1470, 1471], [1470, 1472], [1472, 1473], [1472, 1474], [1499, 1500], [1499, 1501], [1502, 1503], [1502, 1504], [1504, 1508], [1509, 1510], [1509, 1511], [1514, 1515], [1514, 1516], [1532, 1533], [1532, 1534], [1534, 1535], [1534, 1536], [1536, 1537], [1536, 1538], [1538, 1539], [1538, 1540], [1543, 1544], [1543, 1545], [1545, 1546], [1545, 1561], [1549, 1550], [1549, 1551], [1551, 1552], [1551, 1553], [1554, 1556], [1559, 1545], [1559, 1560], [1562, 1563], [1562, 1564], [1569, 1570], [1569, 1590], [1571, 1572], [1571, 1590], [1573, 1574], [1573, 1576], [1577, 1580], [1584, 1587], [1591, 1592], [1591, 1595], [1595, 1596], [1595, 1602], [1598, 1599], [1622, 1623], [1622, 1627], [1627, 1628], [1627, 1630], [1628, 1627], [1630, 1633], [1642, 1643], [1642, 1644], [1645, 1646], [1645, 1647], [1648, 1649], [1648, 1650], [1671, 1672], [1671, 1673], [1674, 1675], [1674, 1676], [1681, 1682], [1681, 1683], [1685, 1686], [1685, 1687], [1688, 1689], [1688, 1695], [1691, 1692], [1691, 1693], [1693, 1688], [1693, 1694], [1698, 1699], [1698, 1717], [1712, 1713], [1712, 1714], [1718, 1719], [1718, 1720], [1720, 1721], [1720, 1728], [1721, 1720], [1721, 1722], [1722, 1723], [1722, 1724], [1724, 1726], [1726, 1721], [1726, 1727], [1731, 1732], [1731, 1746], [1746, 1747], [1746, 1770], [1763, 1746], [1770, 1771], [1770, 1781], [1772, 1770], [1772, 1773], [1779, 1780], [1796, 1797], [1796, 1798], [1798, 1799], [1798, 1800], [1801, 1802], [1801, 1803], [1804, 1805], [1804, 1806], [1807, 1808], [1807, 1811], [1811, 1812], [1811, 1814], [1812, 1811], [1812, 1813], [1814, 1815], [1814, 1817], [1815, 1814], [1823, 1824], [1823, 1825], [1826, 1827], [1826, 1828], [1828, 1830], [1830, 1831], [1830, 1832], [1832, 1833], [1832, 1834], [1835, 1836], [1835, 1851], [1836, 1837], [1836, 1838], [1839, 1840], [1875, 1876], [1875, 1877], [1877, 1878], [1877, 1879], [1879, 1880], [1879, 1881], [1882, 1883], [1882, 1884], [1885, 1886], [1885, 1887], [1887, 1888], [1887, 1889], [1890, 1898], [1890, 1899], [1937, 1938], [1937, 1939], [1945, 1946], [1945, 1948], [1949, 1950], [1949, 1951], [1955, 1956], [1955, 1957], [1969, 1970], [1969, 1976], [1971, 1972], [1971, 1975], [1984, 1985], [1984, 1993], [1985, 1986], [1985, 1988], [1989, 1990], [1989, 1991], [1991, 1984], [1991, 1992]], "missing_branches": [[259, 257], [287, 288], [296, 303], [298, 300], [300, 301], [300, 302], [329, 330], [333, 322], [340, 339], [471, 472], [553, 554], [568, 569], [570, 571], [575, 577], [598, 589], [621, 622], [623, 624], [703, 704], [720, 721], [750, 751], [765, 766], [850, 851], [856, 857], [919, 921], [1013, 1014], [1022, 1023], [1029, 1017], [1033, 1035], [1068, 1069], [1132, 1133], [1134, 1135], [1136, 1137], [1139, 1140], [1145, 1146], [1147, 1148], [1150, 1151], [1153, 1154], [1155, 1156], [1161, 1162], [1313, 1326], [1314, 1315], [1321, 1322], [1323, 1325], [1332, 1333], [1335, 1331], [1357, 1358], [1373, 1374], [1401, 1403], [1504, 1505], [1506, 1507], [1506, 1508], [1554, 1555], [1577, 1578], [1584, 1585], [1598, 1608], [1628, 1629], [1630, 1631], [1631, 1630], [1631, 1632], [1724, 1725], [1763, 1764], [1765, 1766], [1765, 1767], [1779, 1772], [1815, 1816], [1828, 1829], [1839, 1841], [1841, 1842], [1841, 1843], [1843, 1848], [1843, 1849], [1849, 1850], [1849, 1851]]}}}}, "totals": {"covered_lines": 1251, "num_statements": 1316, "percent_covered": 93.49670122525919, "percent_covered_display": "93", "missing_lines": 65, "excluded_lines": 0, "percent_statements_covered": 95.06079027355624, "percent_statements_covered_display": "95", "num_branches": 806, "num_partial_branches": 59, "covered_branches": 733, "missing_branches": 73, "percent_branches_covered": 90.94292803970224, "percent_branches_covered_display": "91"}}