Name                                  Stmts   Miss Branch BrPart  Cover   Missing
---------------------------------------------------------------------------------
machine/reference/seed_reference.py    1316     65    806     59    93%   207, 259->257, 288, 300-303, 330, 333->322, 340->339, 472, 554, 569, 571, 575->577, 598->589, 622, 624, 704, 721, 751, 766, 851, 857, 921, 1014, 1023, 1029->1017, 1033->1035, 1069, 1133, 1135, 1137, 1140, 1146, 1148, 1151, 1154, 1156, 1162, 1315, 1322, 1325-1326, 1333, 1335->1331, 1358, 1374, 1401->1403, 1505-1507, 1555, 1578-1579, 1585-1586, 1598->1608, 1629, 1631-1632, 1725, 1764-1768, 1779->1772, 1816, 1829, 1841-1850
---------------------------------------------------------------------------------
TOTAL                                  1316     65    806     59    93%
